  [1m[35m (7.1ms)[0m  [1m[35mCREATE TABLE `schema_migrations` (`version` varchar(255) PRIMARY KEY) ENGINE=InnoDB[0m
  [1m[35m (6.4ms)[0m  [1m[35mCREATE TABLE `ar_internal_metadata` (`key` varchar(255) PRIMARY KEY, `value` varchar(255), `created_at` datetime NOT NULL, `updated_at` datetime NOT NULL) ENGINE=InnoDB[0m
  [1m[35m (0.2ms)[0m  [1m[34mSELECT DATABASE() as db[0m
  [1m[35m (0.2ms)[0m  [1m[34mSELECT GET_LOCK('7454216087489022600', 0);[0m
  [1m[36mActiveRecord::SchemaMigration Load (2.4ms)[0m  [1m[34mSELECT `schema_migrations`.* FROM `schema_migrations`[0m
Migrating to CreateCustomers (20160822230018)
  [1m[35m (6.6ms)[0m  [1m[35mCREATE TABLE `customers` (`id` int AUTO_INCREMENT PRIMARY KEY, `first_name` varchar(255), `last_name` varchar(255), `email` varchar(255), `phone` varchar(255), `created_at` datetime NOT NULL, `updated_at` datetime NOT NULL) ENGINE=InnoDB[0m
  [1m[35m (0.1ms)[0m  [1m[35mBEGIN[0m
  [1m[35mSQL (0.2ms)[0m  [1m[32mINSERT INTO `schema_migrations` (`version`) VALUES ('20160822230018')[0m
  [1m[35m (0.7ms)[0m  [1m[35mCOMMIT[0m
Migrating to CreateBrands (20160822230216)
  [1m[35m (6.0ms)[0m  [1m[35mCREATE TABLE `brands` (`id` int AUTO_INCREMENT PRIMARY KEY, `name` varchar(255), `created_at` datetime NOT NULL, `updated_at` datetime NOT NULL) ENGINE=InnoDB[0m
  [1m[35m (0.1ms)[0m  [1m[35mBEGIN[0m
  [1m[35mSQL (0.2ms)[0m  [1m[32mINSERT INTO `schema_migrations` (`version`) VALUES ('20160822230216')[0m
  [1m[35m (0.5ms)[0m  [1m[35mCOMMIT[0m
Migrating to CreateEquipment (20160822230223)
  [1m[35m (6.2ms)[0m  [1m[35mCREATE TABLE `equipment` (`id` int AUTO_INCREMENT PRIMARY KEY, `name` varchar(255), `model` varchar(255), `description` varchar(255), `created_at` datetime NOT NULL, `updated_at` datetime NOT NULL) ENGINE=InnoDB[0m
  [1m[35m (0.1ms)[0m  [1m[35mBEGIN[0m
  [1m[35mSQL (0.2ms)[0m  [1m[32mINSERT INTO `schema_migrations` (`version`) VALUES ('20160822230223')[0m
  [1m[35m (0.7ms)[0m  [1m[35mCOMMIT[0m
Migrating to CreateOrders (20160822230227)
  [1m[35m (6.7ms)[0m  [1m[35mCREATE TABLE `orders` (`id` int AUTO_INCREMENT PRIMARY KEY, `defect` varchar(255), `serial_number` varchar(255), `observation` text, `created_at` datetime NOT NULL, `updated_at` datetime NOT NULL) ENGINE=InnoDB[0m
  [1m[35m (0.1ms)[0m  [1m[35mBEGIN[0m
  [1m[35mSQL (0.2ms)[0m  [1m[32mINSERT INTO `schema_migrations` (`version`) VALUES ('20160822230227')[0m
  [1m[35m (0.2ms)[0m  [1m[35mCOMMIT[0m
  [1m[36mActiveRecord::InternalMetadata Load (0.2ms)[0m  [1m[34mSELECT  `ar_internal_metadata`.* FROM `ar_internal_metadata` WHERE `ar_internal_metadata`.`key` = 'environment' LIMIT 1[0m
  [1m[35m (0.1ms)[0m  [1m[35mBEGIN[0m
  [1m[35mSQL (0.2ms)[0m  [1m[32mINSERT INTO `ar_internal_metadata` (`key`, `value`, `created_at`, `updated_at`) VALUES ('environment', 'development', '2016-08-22 23:20:00', '2016-08-22 23:20:00')[0m
  [1m[35m (0.8ms)[0m  [1m[35mCOMMIT[0m
  [1m[35m (0.1ms)[0m  [1m[34mSELECT RELEASE_LOCK('7454216087489022600')[0m
  [1m[36mActiveRecord::SchemaMigration Load (0.2ms)[0m  [1m[34mSELECT `schema_migrations`.* FROM `schema_migrations`[0m
  [1m[35m (0.1ms)[0m  [1m[35mSHOW CREATE TABLE `brands`[0m
  [1m[35m (0.3ms)[0m  [1m[35mSHOW TABLE STATUS LIKE 'brands'[0m
  [1m[35m (0.2ms)[0m  [1m[35mSHOW CREATE TABLE `customers`[0m
  [1m[35m (0.3ms)[0m  [1m[35mSHOW TABLE STATUS LIKE 'customers'[0m
  [1m[35m (0.1ms)[0m  [1m[35mSHOW CREATE TABLE `equipment`[0m
  [1m[35m (0.3ms)[0m  [1m[35mSHOW TABLE STATUS LIKE 'equipment'[0m
  [1m[35m (0.1ms)[0m  [1m[35mSHOW CREATE TABLE `orders`[0m
  [1m[35m (0.3ms)[0m  [1m[35mSHOW TABLE STATUS LIKE 'orders'[0m
  [1m[35m (0.2ms)[0m  [1m[34mSELECT fk.referenced_table_name as 'to_table'
      ,fk.referenced_column_name as 'primary_key'
      ,fk.column_name as 'column'
      ,fk.constraint_name as 'name'
FROM information_schema.key_column_usage fk
WHERE fk.referenced_column_name is not null
  AND fk.table_schema = 'azordens_development'
  AND fk.table_name = 'brands'
[0m
  [1m[35m (0.2ms)[0m  [1m[34mSELECT fk.referenced_table_name as 'to_table'
      ,fk.referenced_column_name as 'primary_key'
      ,fk.column_name as 'column'
      ,fk.constraint_name as 'name'
FROM information_schema.key_column_usage fk
WHERE fk.referenced_column_name is not null
  AND fk.table_schema = 'azordens_development'
  AND fk.table_name = 'customers'
[0m
  [1m[35m (0.2ms)[0m  [1m[34mSELECT fk.referenced_table_name as 'to_table'
      ,fk.referenced_column_name as 'primary_key'
      ,fk.column_name as 'column'
      ,fk.constraint_name as 'name'
FROM information_schema.key_column_usage fk
WHERE fk.referenced_column_name is not null
  AND fk.table_schema = 'azordens_development'
  AND fk.table_name = 'equipment'
[0m
  [1m[35m (0.2ms)[0m  [1m[34mSELECT fk.referenced_table_name as 'to_table'
      ,fk.referenced_column_name as 'primary_key'
      ,fk.column_name as 'column'
      ,fk.constraint_name as 'name'
FROM information_schema.key_column_usage fk
WHERE fk.referenced_column_name is not null
  AND fk.table_schema = 'azordens_development'
  AND fk.table_name = 'orders'
[0m
  [1m[36mOrder Load (0.6ms)[0m  [1m[34mSELECT `orders`.* FROM `orders`[0m
  [1m[35m (0.2ms)[0m  [1m[34mSELECT DATABASE() as db[0m
  [1m[35m (0.2ms)[0m  [1m[34mSELECT GET_LOCK('7454216087489022600', 0);[0m
  [1m[36mActiveRecord::SchemaMigration Load (0.3ms)[0m  [1m[34mSELECT `schema_migrations`.* FROM `schema_migrations`[0m
Migrating to AddBrandToEquipment (20160822232621)
  [1m[35m (0.4ms)[0m  [1m[35mALTER TABLE `equipments` ADD `brand_id` int[0m
  [1m[35m (0.2ms)[0m  [1m[34mSELECT RELEASE_LOCK('7454216087489022600')[0m
  [1m[35m (0.1ms)[0m  [1m[34mSELECT DATABASE() as db[0m
  [1m[35m (0.1ms)[0m  [1m[34mSELECT GET_LOCK('7454216087489022600', 0);[0m
  [1m[36mActiveRecord::SchemaMigration Load (0.3ms)[0m  [1m[34mSELECT `schema_migrations`.* FROM `schema_migrations`[0m
Migrating to AddBrandToEquipment (20160822232621)
  [1m[35m (12.1ms)[0m  [1m[35mALTER TABLE `equipment` ADD `brand_id` int[0m
  [1m[35m (5.1ms)[0m  [1m[35mCREATE  INDEX `index_equipment_on_brand_id`  ON `equipment` (`brand_id`) [0m
  [1m[35m (0.1ms)[0m  [1m[35mBEGIN[0m
  [1m[35mSQL (0.2ms)[0m  [1m[32mINSERT INTO `schema_migrations` (`version`) VALUES ('20160822232621')[0m
  [1m[35m (0.3ms)[0m  [1m[35mCOMMIT[0m
  [1m[36mActiveRecord::InternalMetadata Load (0.3ms)[0m  [1m[34mSELECT  `ar_internal_metadata`.* FROM `ar_internal_metadata` WHERE `ar_internal_metadata`.`key` = 'environment' LIMIT 1[0m
  [1m[35m (0.2ms)[0m  [1m[35mBEGIN[0m
  [1m[35m (0.2ms)[0m  [1m[35mCOMMIT[0m
  [1m[35m (0.2ms)[0m  [1m[34mSELECT RELEASE_LOCK('7454216087489022600')[0m
  [1m[36mActiveRecord::SchemaMigration Load (0.2ms)[0m  [1m[34mSELECT `schema_migrations`.* FROM `schema_migrations`[0m
  [1m[35m (0.1ms)[0m  [1m[35mSHOW CREATE TABLE `brands`[0m
  [1m[35m (0.3ms)[0m  [1m[35mSHOW TABLE STATUS LIKE 'brands'[0m
  [1m[35m (0.2ms)[0m  [1m[35mSHOW CREATE TABLE `customers`[0m
  [1m[35m (0.3ms)[0m  [1m[35mSHOW TABLE STATUS LIKE 'customers'[0m
  [1m[35m (0.1ms)[0m  [1m[35mSHOW CREATE TABLE `equipment`[0m
  [1m[35m (0.2ms)[0m  [1m[35mSHOW TABLE STATUS LIKE 'equipment'[0m
  [1m[35m (0.2ms)[0m  [1m[35mSHOW CREATE TABLE `orders`[0m
  [1m[35m (0.3ms)[0m  [1m[35mSHOW TABLE STATUS LIKE 'orders'[0m
  [1m[35m (0.3ms)[0m  [1m[34mSELECT fk.referenced_table_name as 'to_table'
      ,fk.referenced_column_name as 'primary_key'
      ,fk.column_name as 'column'
      ,fk.constraint_name as 'name'
FROM information_schema.key_column_usage fk
WHERE fk.referenced_column_name is not null
  AND fk.table_schema = 'azordens_development'
  AND fk.table_name = 'brands'
[0m
  [1m[35m (0.3ms)[0m  [1m[34mSELECT fk.referenced_table_name as 'to_table'
      ,fk.referenced_column_name as 'primary_key'
      ,fk.column_name as 'column'
      ,fk.constraint_name as 'name'
FROM information_schema.key_column_usage fk
WHERE fk.referenced_column_name is not null
  AND fk.table_schema = 'azordens_development'
  AND fk.table_name = 'customers'
[0m
  [1m[35m (0.2ms)[0m  [1m[34mSELECT fk.referenced_table_name as 'to_table'
      ,fk.referenced_column_name as 'primary_key'
      ,fk.column_name as 'column'
      ,fk.constraint_name as 'name'
FROM information_schema.key_column_usage fk
WHERE fk.referenced_column_name is not null
  AND fk.table_schema = 'azordens_development'
  AND fk.table_name = 'equipment'
[0m
  [1m[35m (0.3ms)[0m  [1m[34mSELECT fk.referenced_table_name as 'to_table'
      ,fk.referenced_column_name as 'primary_key'
      ,fk.column_name as 'column'
      ,fk.constraint_name as 'name'
FROM information_schema.key_column_usage fk
WHERE fk.referenced_column_name is not null
  AND fk.table_schema = 'azordens_development'
  AND fk.table_name = 'orders'
[0m
  [1m[35m (0.1ms)[0m  [1m[34mSELECT DATABASE() as db[0m
  [1m[35m (0.2ms)[0m  [1m[34mSELECT GET_LOCK('7454216087489022600', 0);[0m
  [1m[36mActiveRecord::SchemaMigration Load (0.3ms)[0m  [1m[34mSELECT `schema_migrations`.* FROM `schema_migrations`[0m
Migrating to AddEquipmentToOrder (20160822233650)
  [1m[35m (9.1ms)[0m  [1m[35mALTER TABLE `orders` ADD `equipment_id` int NOT NULL[0m
  [1m[35m (4.5ms)[0m  [1m[35mCREATE  INDEX `index_orders_on_equipment_id`  ON `orders` (`equipment_id`) [0m
  [1m[35m (0.1ms)[0m  [1m[35mBEGIN[0m
  [1m[35mSQL (0.2ms)[0m  [1m[32mINSERT INTO `schema_migrations` (`version`) VALUES ('20160822233650')[0m
  [1m[35m (1.0ms)[0m  [1m[35mCOMMIT[0m
  [1m[36mActiveRecord::InternalMetadata Load (0.3ms)[0m  [1m[34mSELECT  `ar_internal_metadata`.* FROM `ar_internal_metadata` WHERE `ar_internal_metadata`.`key` = 'environment' LIMIT 1[0m
  [1m[35m (0.1ms)[0m  [1m[35mBEGIN[0m
  [1m[35m (0.1ms)[0m  [1m[35mCOMMIT[0m
  [1m[35m (0.1ms)[0m  [1m[34mSELECT RELEASE_LOCK('7454216087489022600')[0m
  [1m[36mActiveRecord::SchemaMigration Load (0.2ms)[0m  [1m[34mSELECT `schema_migrations`.* FROM `schema_migrations`[0m
  [1m[35m (0.2ms)[0m  [1m[35mSHOW CREATE TABLE `brands`[0m
  [1m[35m (0.3ms)[0m  [1m[35mSHOW TABLE STATUS LIKE 'brands'[0m
  [1m[35m (0.2ms)[0m  [1m[35mSHOW CREATE TABLE `customers`[0m
  [1m[35m (0.3ms)[0m  [1m[35mSHOW TABLE STATUS LIKE 'customers'[0m
  [1m[35m (0.2ms)[0m  [1m[35mSHOW CREATE TABLE `equipment`[0m
  [1m[35m (0.3ms)[0m  [1m[35mSHOW TABLE STATUS LIKE 'equipment'[0m
  [1m[35m (0.1ms)[0m  [1m[35mSHOW CREATE TABLE `orders`[0m
  [1m[35m (0.3ms)[0m  [1m[35mSHOW TABLE STATUS LIKE 'orders'[0m
  [1m[35m (0.3ms)[0m  [1m[34mSELECT fk.referenced_table_name as 'to_table'
      ,fk.referenced_column_name as 'primary_key'
      ,fk.column_name as 'column'
      ,fk.constraint_name as 'name'
FROM information_schema.key_column_usage fk
WHERE fk.referenced_column_name is not null
  AND fk.table_schema = 'azordens_development'
  AND fk.table_name = 'brands'
[0m
  [1m[35m (0.2ms)[0m  [1m[34mSELECT fk.referenced_table_name as 'to_table'
      ,fk.referenced_column_name as 'primary_key'
      ,fk.column_name as 'column'
      ,fk.constraint_name as 'name'
FROM information_schema.key_column_usage fk
WHERE fk.referenced_column_name is not null
  AND fk.table_schema = 'azordens_development'
  AND fk.table_name = 'customers'
[0m
  [1m[35m (0.2ms)[0m  [1m[34mSELECT fk.referenced_table_name as 'to_table'
      ,fk.referenced_column_name as 'primary_key'
      ,fk.column_name as 'column'
      ,fk.constraint_name as 'name'
FROM information_schema.key_column_usage fk
WHERE fk.referenced_column_name is not null
  AND fk.table_schema = 'azordens_development'
  AND fk.table_name = 'equipment'
[0m
  [1m[35m (0.2ms)[0m  [1m[34mSELECT fk.referenced_table_name as 'to_table'
      ,fk.referenced_column_name as 'primary_key'
      ,fk.column_name as 'column'
      ,fk.constraint_name as 'name'
FROM information_schema.key_column_usage fk
WHERE fk.referenced_column_name is not null
  AND fk.table_schema = 'azordens_development'
  AND fk.table_name = 'orders'
[0m
  [1m[35m (0.1ms)[0m  [1m[34mSELECT DATABASE() as db[0m
  [1m[35m (0.1ms)[0m  [1m[34mSELECT GET_LOCK('7454216087489022600', 0);[0m
  [1m[36mActiveRecord::SchemaMigration Load (0.3ms)[0m  [1m[34mSELECT `schema_migrations`.* FROM `schema_migrations`[0m
Migrating to AddCustomerToOrder (20160822233904)
  [1m[35m (12.7ms)[0m  [1m[35mALTER TABLE `orders` ADD `customer_id` int NOT NULL[0m
  [1m[35m (5.1ms)[0m  [1m[35mCREATE  INDEX `index_orders_on_customer_id`  ON `orders` (`customer_id`) [0m
  [1m[35m (0.1ms)[0m  [1m[35mBEGIN[0m
  [1m[35mSQL (0.2ms)[0m  [1m[32mINSERT INTO `schema_migrations` (`version`) VALUES ('20160822233904')[0m
  [1m[35m (0.9ms)[0m  [1m[35mCOMMIT[0m
  [1m[36mActiveRecord::InternalMetadata Load (0.3ms)[0m  [1m[34mSELECT  `ar_internal_metadata`.* FROM `ar_internal_metadata` WHERE `ar_internal_metadata`.`key` = 'environment' LIMIT 1[0m
  [1m[35m (0.1ms)[0m  [1m[35mBEGIN[0m
  [1m[35m (0.1ms)[0m  [1m[35mCOMMIT[0m
  [1m[35m (0.1ms)[0m  [1m[34mSELECT RELEASE_LOCK('7454216087489022600')[0m
  [1m[36mActiveRecord::SchemaMigration Load (0.2ms)[0m  [1m[34mSELECT `schema_migrations`.* FROM `schema_migrations`[0m
  [1m[35m (0.1ms)[0m  [1m[35mSHOW CREATE TABLE `brands`[0m
  [1m[35m (0.2ms)[0m  [1m[35mSHOW TABLE STATUS LIKE 'brands'[0m
  [1m[35m (0.1ms)[0m  [1m[35mSHOW CREATE TABLE `customers`[0m
  [1m[35m (0.2ms)[0m  [1m[35mSHOW TABLE STATUS LIKE 'customers'[0m
  [1m[35m (0.1ms)[0m  [1m[35mSHOW CREATE TABLE `equipment`[0m
  [1m[35m (0.2ms)[0m  [1m[35mSHOW TABLE STATUS LIKE 'equipment'[0m
  [1m[35m (0.2ms)[0m  [1m[35mSHOW CREATE TABLE `orders`[0m
  [1m[35m (0.3ms)[0m  [1m[35mSHOW TABLE STATUS LIKE 'orders'[0m
  [1m[35m (0.3ms)[0m  [1m[34mSELECT fk.referenced_table_name as 'to_table'
      ,fk.referenced_column_name as 'primary_key'
      ,fk.column_name as 'column'
      ,fk.constraint_name as 'name'
FROM information_schema.key_column_usage fk
WHERE fk.referenced_column_name is not null
  AND fk.table_schema = 'azordens_development'
  AND fk.table_name = 'brands'
[0m
  [1m[35m (0.3ms)[0m  [1m[34mSELECT fk.referenced_table_name as 'to_table'
      ,fk.referenced_column_name as 'primary_key'
      ,fk.column_name as 'column'
      ,fk.constraint_name as 'name'
FROM information_schema.key_column_usage fk
WHERE fk.referenced_column_name is not null
  AND fk.table_schema = 'azordens_development'
  AND fk.table_name = 'customers'
[0m
  [1m[35m (0.3ms)[0m  [1m[34mSELECT fk.referenced_table_name as 'to_table'
      ,fk.referenced_column_name as 'primary_key'
      ,fk.column_name as 'column'
      ,fk.constraint_name as 'name'
FROM information_schema.key_column_usage fk
WHERE fk.referenced_column_name is not null
  AND fk.table_schema = 'azordens_development'
  AND fk.table_name = 'equipment'
[0m
  [1m[35m (0.3ms)[0m  [1m[34mSELECT fk.referenced_table_name as 'to_table'
      ,fk.referenced_column_name as 'primary_key'
      ,fk.column_name as 'column'
      ,fk.constraint_name as 'name'
FROM information_schema.key_column_usage fk
WHERE fk.referenced_column_name is not null
  AND fk.table_schema = 'azordens_development'
  AND fk.table_name = 'orders'
[0m
  [1m[35m (0.1ms)[0m  [1m[34mSELECT DATABASE() as db[0m
  [1m[35m (0.2ms)[0m  [1m[34mSELECT GET_LOCK('7454216087489022600', 0);[0m
  [1m[36mActiveRecord::SchemaMigration Load (0.3ms)[0m  [1m[34mSELECT `schema_migrations`.* FROM `schema_migrations`[0m
Migrating to AddStatusToOrder (20160822234306)
  [1m[35m (0.2ms)[0m  [1m[34mSELECT RELEASE_LOCK('7454216087489022600')[0m
  [1m[35m (0.1ms)[0m  [1m[34mSELECT DATABASE() as db[0m
  [1m[35m (0.2ms)[0m  [1m[34mSELECT GET_LOCK('7454216087489022600', 0);[0m
  [1m[36mActiveRecord::SchemaMigration Load (0.3ms)[0m  [1m[34mSELECT `schema_migrations`.* FROM `schema_migrations`[0m
Migrating to AddStatusToOrder (20160822234306)
  [1m[35m (13.2ms)[0m  [1m[35mALTER TABLE `orders` ADD `status` int[0m
  [1m[35m (0.1ms)[0m  [1m[35mBEGIN[0m
  [1m[35mSQL (0.2ms)[0m  [1m[32mINSERT INTO `schema_migrations` (`version`) VALUES ('20160822234306')[0m
  [1m[35m (1.0ms)[0m  [1m[35mCOMMIT[0m
  [1m[36mActiveRecord::InternalMetadata Load (0.3ms)[0m  [1m[34mSELECT  `ar_internal_metadata`.* FROM `ar_internal_metadata` WHERE `ar_internal_metadata`.`key` = 'environment' LIMIT 1[0m
  [1m[35m (0.1ms)[0m  [1m[35mBEGIN[0m
  [1m[35m (0.1ms)[0m  [1m[35mCOMMIT[0m
  [1m[35m (0.2ms)[0m  [1m[34mSELECT RELEASE_LOCK('7454216087489022600')[0m
  [1m[36mActiveRecord::SchemaMigration Load (0.3ms)[0m  [1m[34mSELECT `schema_migrations`.* FROM `schema_migrations`[0m
  [1m[35m (0.1ms)[0m  [1m[35mSHOW CREATE TABLE `brands`[0m
  [1m[35m (0.2ms)[0m  [1m[35mSHOW TABLE STATUS LIKE 'brands'[0m
  [1m[35m (0.1ms)[0m  [1m[35mSHOW CREATE TABLE `customers`[0m
  [1m[35m (0.2ms)[0m  [1m[35mSHOW TABLE STATUS LIKE 'customers'[0m
  [1m[35m (0.1ms)[0m  [1m[35mSHOW CREATE TABLE `equipment`[0m
  [1m[35m (0.2ms)[0m  [1m[35mSHOW TABLE STATUS LIKE 'equipment'[0m
  [1m[35m (0.1ms)[0m  [1m[35mSHOW CREATE TABLE `orders`[0m
  [1m[35m (0.2ms)[0m  [1m[35mSHOW TABLE STATUS LIKE 'orders'[0m
  [1m[35m (0.2ms)[0m  [1m[34mSELECT fk.referenced_table_name as 'to_table'
      ,fk.referenced_column_name as 'primary_key'
      ,fk.column_name as 'column'
      ,fk.constraint_name as 'name'
FROM information_schema.key_column_usage fk
WHERE fk.referenced_column_name is not null
  AND fk.table_schema = 'azordens_development'
  AND fk.table_name = 'brands'
[0m
  [1m[35m (0.2ms)[0m  [1m[34mSELECT fk.referenced_table_name as 'to_table'
      ,fk.referenced_column_name as 'primary_key'
      ,fk.column_name as 'column'
      ,fk.constraint_name as 'name'
FROM information_schema.key_column_usage fk
WHERE fk.referenced_column_name is not null
  AND fk.table_schema = 'azordens_development'
  AND fk.table_name = 'customers'
[0m
  [1m[35m (0.2ms)[0m  [1m[34mSELECT fk.referenced_table_name as 'to_table'
      ,fk.referenced_column_name as 'primary_key'
      ,fk.column_name as 'column'
      ,fk.constraint_name as 'name'
FROM information_schema.key_column_usage fk
WHERE fk.referenced_column_name is not null
  AND fk.table_schema = 'azordens_development'
  AND fk.table_name = 'equipment'
[0m
  [1m[35m (0.2ms)[0m  [1m[34mSELECT fk.referenced_table_name as 'to_table'
      ,fk.referenced_column_name as 'primary_key'
      ,fk.column_name as 'column'
      ,fk.constraint_name as 'name'
FROM information_schema.key_column_usage fk
WHERE fk.referenced_column_name is not null
  AND fk.table_schema = 'azordens_development'
  AND fk.table_name = 'orders'
[0m
  [1m[35m (0.2ms)[0m  [1m[34mSELECT `schema_migrations`.`version` FROM `schema_migrations` ORDER BY version[0m
Creating scope :open. Overwriting existing method Order.open.
  [1m[36mOrder Load (0.2ms)[0m  [1m[34mSELECT `orders`.* FROM `orders`[0m
  [1m[35m (0.3ms)[0m  [1m[35mBEGIN[0m
  [1m[35mSQL (0.4ms)[0m  [1m[32mINSERT INTO `brands` (`name`, `created_at`, `updated_at`) VALUES ('teste', '2016-08-23 00:53:45', '2016-08-23 00:53:45')[0m
  [1m[35m (2.8ms)[0m  [1m[35mCOMMIT[0m
  [1m[36mBrand Load (0.3ms)[0m  [1m[34mSELECT `brands`.* FROM `brands`[0m
  [1m[35m (0.1ms)[0m  [1m[34mSELECT DATABASE() as db[0m
  [1m[35m (0.2ms)[0m  [1m[34mSELECT GET_LOCK('7454216087489022600', 0);[0m
  [1m[36mActiveRecord::SchemaMigration Load (0.3ms)[0m  [1m[34mSELECT `schema_migrations`.* FROM `schema_migrations`[0m
  [1m[36mActiveRecord::InternalMetadata Load (0.3ms)[0m  [1m[34mSELECT  `ar_internal_metadata`.* FROM `ar_internal_metadata` WHERE `ar_internal_metadata`.`key` = 'environment' LIMIT 1[0m
  [1m[35m (0.1ms)[0m  [1m[35mBEGIN[0m
  [1m[35m (0.1ms)[0m  [1m[35mCOMMIT[0m
  [1m[35m (0.2ms)[0m  [1m[34mSELECT RELEASE_LOCK('7454216087489022600')[0m
  [1m[36mActiveRecord::SchemaMigration Load (0.2ms)[0m  [1m[34mSELECT `schema_migrations`.* FROM `schema_migrations`[0m
  [1m[35m (0.2ms)[0m  [1m[35mSHOW CREATE TABLE `brands`[0m
  [1m[35m (0.3ms)[0m  [1m[35mSHOW TABLE STATUS LIKE 'brands'[0m
  [1m[35m (0.2ms)[0m  [1m[35mSHOW CREATE TABLE `customers`[0m
  [1m[35m (0.3ms)[0m  [1m[35mSHOW TABLE STATUS LIKE 'customers'[0m
  [1m[35m (0.2ms)[0m  [1m[35mSHOW CREATE TABLE `equipment`[0m
  [1m[35m (0.3ms)[0m  [1m[35mSHOW TABLE STATUS LIKE 'equipment'[0m
  [1m[35m (0.2ms)[0m  [1m[35mSHOW CREATE TABLE `orders`[0m
  [1m[35m (0.3ms)[0m  [1m[35mSHOW TABLE STATUS LIKE 'orders'[0m
  [1m[35m (0.3ms)[0m  [1m[34mSELECT fk.referenced_table_name as 'to_table'
      ,fk.referenced_column_name as 'primary_key'
      ,fk.column_name as 'column'
      ,fk.constraint_name as 'name'
FROM information_schema.key_column_usage fk
WHERE fk.referenced_column_name is not null
  AND fk.table_schema = 'azordens_development'
  AND fk.table_name = 'brands'
[0m
  [1m[35m (0.2ms)[0m  [1m[34mSELECT fk.referenced_table_name as 'to_table'
      ,fk.referenced_column_name as 'primary_key'
      ,fk.column_name as 'column'
      ,fk.constraint_name as 'name'
FROM information_schema.key_column_usage fk
WHERE fk.referenced_column_name is not null
  AND fk.table_schema = 'azordens_development'
  AND fk.table_name = 'customers'
[0m
  [1m[35m (0.3ms)[0m  [1m[34mSELECT fk.referenced_table_name as 'to_table'
      ,fk.referenced_column_name as 'primary_key'
      ,fk.column_name as 'column'
      ,fk.constraint_name as 'name'
FROM information_schema.key_column_usage fk
WHERE fk.referenced_column_name is not null
  AND fk.table_schema = 'azordens_development'
  AND fk.table_name = 'equipment'
[0m
  [1m[35m (0.3ms)[0m  [1m[34mSELECT fk.referenced_table_name as 'to_table'
      ,fk.referenced_column_name as 'primary_key'
      ,fk.column_name as 'column'
      ,fk.constraint_name as 'name'
FROM information_schema.key_column_usage fk
WHERE fk.referenced_column_name is not null
  AND fk.table_schema = 'azordens_development'
  AND fk.table_name = 'orders'
[0m
  [1m[36mActiveRecord::SchemaMigration Load (0.3ms)[0m  [1m[34mSELECT `schema_migrations`.* FROM `schema_migrations`[0m
  [1m[35m (0.1ms)[0m  [1m[35mBEGIN[0m
  [1m[35mSQL (0.5ms)[0m  [1m[32mINSERT INTO `brands` (`name`, `created_at`, `updated_at`) VALUES ('Samsung', '2016-08-25 01:24:00', '2016-08-25 01:24:00')[0m
  [1m[35m (3.0ms)[0m  [1m[35mCOMMIT[0m
  [1m[35m (0.1ms)[0m  [1m[35mBEGIN[0m
  [1m[35mSQL (0.2ms)[0m  [1m[32mINSERT INTO `brands` (`name`, `created_at`, `updated_at`) VALUES ('HP', '2016-08-25 01:24:00', '2016-08-25 01:24:00')[0m
  [1m[35m (1.0ms)[0m  [1m[35mCOMMIT[0m
  [1m[35m (0.1ms)[0m  [1m[35mBEGIN[0m
  [1m[35mSQL (0.2ms)[0m  [1m[32mINSERT INTO `brands` (`name`, `created_at`, `updated_at`) VALUES ('D-link', '2016-08-25 01:24:00', '2016-08-25 01:24:00')[0m
  [1m[35m (0.7ms)[0m  [1m[35mCOMMIT[0m
  [1m[35m (0.1ms)[0m  [1m[35mBEGIN[0m
  [1m[35mSQL (0.3ms)[0m  [1m[32mINSERT INTO `brands` (`name`, `created_at`, `updated_at`) VALUES ('Intel', '2016-08-25 01:24:00', '2016-08-25 01:24:00')[0m
  [1m[35m (0.3ms)[0m  [1m[35mCOMMIT[0m
  [1m[35m (0.1ms)[0m  [1m[35mBEGIN[0m
  [1m[35mSQL (0.4ms)[0m  [1m[32mINSERT INTO `brands` (`name`, `created_at`, `updated_at`) VALUES ('Corsair', '2016-08-25 01:24:00', '2016-08-25 01:24:00')[0m
  [1m[35m (0.8ms)[0m  [1m[35mCOMMIT[0m
  [1m[36mActiveRecord::SchemaMigration Load (0.3ms)[0m  [1m[34mSELECT `schema_migrations`.* FROM `schema_migrations`[0m
  [1m[36mActiveRecord::SchemaMigration Load (0.3ms)[0m  [1m[34mSELECT `schema_migrations`.* FROM `schema_migrations`[0m
  [1m[35m (0.1ms)[0m  [1m[35mBEGIN[0m
  [1m[35mSQL (0.2ms)[0m  [1m[32mINSERT INTO `brands` (`name`, `created_at`, `updated_at`) VALUES ('Samsung', '2016-08-25 01:26:59', '2016-08-25 01:26:59')[0m
  [1m[35m (4.1ms)[0m  [1m[35mCOMMIT[0m
  [1m[35m (0.1ms)[0m  [1m[35mBEGIN[0m
  [1m[35mSQL (0.2ms)[0m  [1m[32mINSERT INTO `brands` (`name`, `created_at`, `updated_at`) VALUES ('HP', '2016-08-25 01:26:59', '2016-08-25 01:26:59')[0m
  [1m[35m (0.8ms)[0m  [1m[35mCOMMIT[0m
  [1m[35m (0.1ms)[0m  [1m[35mBEGIN[0m
  [1m[35mSQL (0.2ms)[0m  [1m[32mINSERT INTO `brands` (`name`, `created_at`, `updated_at`) VALUES ('D-link', '2016-08-25 01:26:59', '2016-08-25 01:26:59')[0m
  [1m[35m (0.3ms)[0m  [1m[35mCOMMIT[0m
  [1m[35m (0.1ms)[0m  [1m[35mBEGIN[0m
  [1m[35mSQL (0.2ms)[0m  [1m[32mINSERT INTO `brands` (`name`, `created_at`, `updated_at`) VALUES ('Intel', '2016-08-25 01:26:59', '2016-08-25 01:26:59')[0m
  [1m[35m (0.9ms)[0m  [1m[35mCOMMIT[0m
  [1m[35m (0.1ms)[0m  [1m[35mBEGIN[0m
  [1m[35mSQL (0.2ms)[0m  [1m[32mINSERT INTO `brands` (`name`, `created_at`, `updated_at`) VALUES ('Corsair', '2016-08-25 01:26:59', '2016-08-25 01:26:59')[0m
  [1m[35m (0.2ms)[0m  [1m[35mCOMMIT[0m
  [1m[36mActiveRecord::SchemaMigration Load (0.3ms)[0m  [1m[34mSELECT `schema_migrations`.* FROM `schema_migrations`[0m
  [1m[35m (0.1ms)[0m  [1m[35mBEGIN[0m
  [1m[35mSQL (0.2ms)[0m  [1m[32mINSERT INTO `brands` (`name`, `created_at`, `updated_at`) VALUES ('Samsung', '2016-08-25 01:27:32', '2016-08-25 01:27:32')[0m
  [1m[35m (2.2ms)[0m  [1m[35mCOMMIT[0m
  [1m[35m (0.1ms)[0m  [1m[35mBEGIN[0m
  [1m[35mSQL (0.2ms)[0m  [1m[32mINSERT INTO `brands` (`name`, `created_at`, `updated_at`) VALUES ('HP', '2016-08-25 01:27:32', '2016-08-25 01:27:32')[0m
  [1m[35m (0.7ms)[0m  [1m[35mCOMMIT[0m
  [1m[35m (0.1ms)[0m  [1m[35mBEGIN[0m
  [1m[35mSQL (0.2ms)[0m  [1m[32mINSERT INTO `brands` (`name`, `created_at`, `updated_at`) VALUES ('D-link', '2016-08-25 01:27:32', '2016-08-25 01:27:32')[0m
  [1m[35m (0.6ms)[0m  [1m[35mCOMMIT[0m
  [1m[35m (0.1ms)[0m  [1m[35mBEGIN[0m
  [1m[35mSQL (0.2ms)[0m  [1m[32mINSERT INTO `brands` (`name`, `created_at`, `updated_at`) VALUES ('Intel', '2016-08-25 01:27:32', '2016-08-25 01:27:32')[0m
  [1m[35m (0.7ms)[0m  [1m[35mCOMMIT[0m
  [1m[35m (0.1ms)[0m  [1m[35mBEGIN[0m
  [1m[35mSQL (0.2ms)[0m  [1m[32mINSERT INTO `brands` (`name`, `created_at`, `updated_at`) VALUES ('Corsair', '2016-08-25 01:27:32', '2016-08-25 01:27:32')[0m
  [1m[35m (0.2ms)[0m  [1m[35mCOMMIT[0m
  [1m[35m (0.1ms)[0m  [1m[35mBEGIN[0m
  [1m[35mSQL (0.2ms)[0m  [1m[32mINSERT INTO `equipment` (`name`, `model`, `description`, `created_at`, `updated_at`) VALUES ('Impressora DeskJet', 'd1520', '', '2016-08-25 01:27:32', '2016-08-25 01:27:32')[0m
  [1m[35m (0.7ms)[0m  [1m[35mCOMMIT[0m
  [1m[36mActiveRecord::SchemaMigration Load (0.3ms)[0m  [1m[34mSELECT `schema_migrations`.* FROM `schema_migrations`[0m
  [1m[35m (0.1ms)[0m  [1m[35mBEGIN[0m
  [1m[35mSQL (0.2ms)[0m  [1m[32mINSERT INTO `brands` (`name`, `created_at`, `updated_at`) VALUES ('Samsung', '2016-08-25 01:28:38', '2016-08-25 01:28:38')[0m
  [1m[35m (3.6ms)[0m  [1m[35mCOMMIT[0m
  [1m[35m (0.1ms)[0m  [1m[35mBEGIN[0m
  [1m[35mSQL (0.2ms)[0m  [1m[32mINSERT INTO `brands` (`name`, `created_at`, `updated_at`) VALUES ('HP', '2016-08-25 01:28:38', '2016-08-25 01:28:38')[0m
  [1m[35m (0.2ms)[0m  [1m[35mCOMMIT[0m
  [1m[35m (0.1ms)[0m  [1m[35mBEGIN[0m
  [1m[35mSQL (0.1ms)[0m  [1m[32mINSERT INTO `brands` (`name`, `created_at`, `updated_at`) VALUES ('D-link', '2016-08-25 01:28:38', '2016-08-25 01:28:38')[0m
  [1m[35m (0.6ms)[0m  [1m[35mCOMMIT[0m
  [1m[35m (0.1ms)[0m  [1m[35mBEGIN[0m
  [1m[35mSQL (0.2ms)[0m  [1m[32mINSERT INTO `brands` (`name`, `created_at`, `updated_at`) VALUES ('Intel', '2016-08-25 01:28:38', '2016-08-25 01:28:38')[0m
  [1m[35m (0.2ms)[0m  [1m[35mCOMMIT[0m
  [1m[35m (0.1ms)[0m  [1m[35mBEGIN[0m
  [1m[35mSQL (0.1ms)[0m  [1m[32mINSERT INTO `brands` (`name`, `created_at`, `updated_at`) VALUES ('Corsair', '2016-08-25 01:28:38', '2016-08-25 01:28:38')[0m
  [1m[35m (0.8ms)[0m  [1m[35mCOMMIT[0m
  [1m[35m (0.1ms)[0m  [1m[35mBEGIN[0m
  [1m[35mSQL (0.2ms)[0m  [1m[32mINSERT INTO `equipment` (`name`, `model`, `description`, `created_at`, `updated_at`) VALUES ('Impressora DeskJet', 'd1520', '', '2016-08-25 01:28:38', '2016-08-25 01:28:38')[0m
  [1m[35m (0.7ms)[0m  [1m[35mCOMMIT[0m
  [1m[36mActiveRecord::SchemaMigration Load (0.3ms)[0m  [1m[34mSELECT `schema_migrations`.* FROM `schema_migrations`[0m
  [1m[35m (0.1ms)[0m  [1m[35mBEGIN[0m
  [1m[35mSQL (0.2ms)[0m  [1m[32mINSERT INTO `brands` (`name`, `created_at`, `updated_at`) VALUES ('Samsung', '2016-08-25 01:29:07', '2016-08-25 01:29:07')[0m
  [1m[35m (2.8ms)[0m  [1m[35mCOMMIT[0m
  [1m[35m (0.2ms)[0m  [1m[35mBEGIN[0m
  [1m[35mSQL (0.2ms)[0m  [1m[32mINSERT INTO `brands` (`name`, `created_at`, `updated_at`) VALUES ('HP', '2016-08-25 01:29:07', '2016-08-25 01:29:07')[0m
  [1m[35m (0.7ms)[0m  [1m[35mCOMMIT[0m
  [1m[35m (0.2ms)[0m  [1m[35mBEGIN[0m
  [1m[35mSQL (0.3ms)[0m  [1m[32mINSERT INTO `brands` (`name`, `created_at`, `updated_at`) VALUES ('D-link', '2016-08-25 01:29:07', '2016-08-25 01:29:07')[0m
  [1m[35m (0.8ms)[0m  [1m[35mCOMMIT[0m
  [1m[35m (0.1ms)[0m  [1m[35mBEGIN[0m
  [1m[35mSQL (0.2ms)[0m  [1m[32mINSERT INTO `brands` (`name`, `created_at`, `updated_at`) VALUES ('Intel', '2016-08-25 01:29:07', '2016-08-25 01:29:07')[0m
  [1m[35m (0.7ms)[0m  [1m[35mCOMMIT[0m
  [1m[35m (0.1ms)[0m  [1m[35mBEGIN[0m
  [1m[35mSQL (0.2ms)[0m  [1m[32mINSERT INTO `brands` (`name`, `created_at`, `updated_at`) VALUES ('Corsair', '2016-08-25 01:29:07', '2016-08-25 01:29:07')[0m
  [1m[35m (0.2ms)[0m  [1m[35mCOMMIT[0m
  [1m[36mActiveRecord::SchemaMigration Load (0.3ms)[0m  [1m[34mSELECT `schema_migrations`.* FROM `schema_migrations`[0m
  [1m[35m (0.1ms)[0m  [1m[35mBEGIN[0m
  [1m[35mSQL (0.2ms)[0m  [1m[32mINSERT INTO `brands` (`name`, `created_at`, `updated_at`) VALUES ('Samsung', '2016-08-25 01:32:57', '2016-08-25 01:32:57')[0m
  [1m[35m (3.0ms)[0m  [1m[35mCOMMIT[0m
  [1m[35m (1.9ms)[0m  [1m[35mBEGIN[0m
  [1m[35mSQL (0.2ms)[0m  [1m[32mINSERT INTO `brands` (`name`, `created_at`, `updated_at`) VALUES ('HP', '2016-08-25 01:32:57', '2016-08-25 01:32:57')[0m
  [1m[35m (0.9ms)[0m  [1m[35mCOMMIT[0m
  [1m[35m (0.2ms)[0m  [1m[35mBEGIN[0m
  [1m[35mSQL (0.3ms)[0m  [1m[32mINSERT INTO `brands` (`name`, `created_at`, `updated_at`) VALUES ('D-link', '2016-08-25 01:32:57', '2016-08-25 01:32:57')[0m
  [1m[35m (0.4ms)[0m  [1m[35mCOMMIT[0m
  [1m[35m (0.1ms)[0m  [1m[35mBEGIN[0m
  [1m[35mSQL (0.2ms)[0m  [1m[32mINSERT INTO `brands` (`name`, `created_at`, `updated_at`) VALUES ('Intel', '2016-08-25 01:32:57', '2016-08-25 01:32:57')[0m
  [1m[35m (1.1ms)[0m  [1m[35mCOMMIT[0m
  [1m[35m (0.1ms)[0m  [1m[35mBEGIN[0m
  [1m[35mSQL (0.2ms)[0m  [1m[32mINSERT INTO `brands` (`name`, `created_at`, `updated_at`) VALUES ('Corsair', '2016-08-25 01:32:57', '2016-08-25 01:32:57')[0m
  [1m[35m (1.1ms)[0m  [1m[35mCOMMIT[0m
  [1m[36mActiveRecord::SchemaMigration Load (0.3ms)[0m  [1m[34mSELECT `schema_migrations`.* FROM `schema_migrations`[0m
  [1m[35m (0.1ms)[0m  [1m[35mBEGIN[0m
  [1m[35mSQL (0.3ms)[0m  [1m[32mINSERT INTO `brands` (`name`, `created_at`, `updated_at`) VALUES ('Samsung', '2016-08-25 01:33:05', '2016-08-25 01:33:05')[0m
  [1m[35m (3.4ms)[0m  [1m[35mCOMMIT[0m
  [1m[35m (0.2ms)[0m  [1m[35mBEGIN[0m
  [1m[35mSQL (0.3ms)[0m  [1m[32mINSERT INTO `brands` (`name`, `created_at`, `updated_at`) VALUES ('HP', '2016-08-25 01:33:05', '2016-08-25 01:33:05')[0m
  [1m[35m (0.8ms)[0m  [1m[35mCOMMIT[0m
  [1m[35m (0.1ms)[0m  [1m[35mBEGIN[0m
  [1m[35mSQL (0.2ms)[0m  [1m[32mINSERT INTO `brands` (`name`, `created_at`, `updated_at`) VALUES ('D-link', '2016-08-25 01:33:05', '2016-08-25 01:33:05')[0m
  [1m[35m (0.8ms)[0m  [1m[35mCOMMIT[0m
  [1m[35m (0.1ms)[0m  [1m[35mBEGIN[0m
  [1m[35mSQL (0.2ms)[0m  [1m[32mINSERT INTO `brands` (`name`, `created_at`, `updated_at`) VALUES ('Intel', '2016-08-25 01:33:05', '2016-08-25 01:33:05')[0m
  [1m[35m (0.3ms)[0m  [1m[35mCOMMIT[0m
  [1m[35m (0.1ms)[0m  [1m[35mBEGIN[0m
  [1m[35mSQL (0.2ms)[0m  [1m[32mINSERT INTO `brands` (`name`, `created_at`, `updated_at`) VALUES ('Corsair', '2016-08-25 01:33:05', '2016-08-25 01:33:05')[0m
  [1m[35m (0.8ms)[0m  [1m[35mCOMMIT[0m
  [1m[35m (0.1ms)[0m  [1m[35mBEGIN[0m
  [1m[35mSQL (0.2ms)[0m  [1m[32mINSERT INTO `equipment` (`name`, `model`, `description`, `created_at`, `updated_at`, `brand_id`) VALUES ('Impressora DeskJet', 'd1520', '', '2016-08-25 01:33:05', '2016-08-25 01:33:05', 33)[0m
  [1m[35m (0.7ms)[0m  [1m[35mCOMMIT[0m
  [1m[36mActiveRecord::SchemaMigration Load (0.3ms)[0m  [1m[34mSELECT `schema_migrations`.* FROM `schema_migrations`[0m
  [1m[35m (0.1ms)[0m  [1m[35mBEGIN[0m
  [1m[35mSQL (0.2ms)[0m  [1m[32mINSERT INTO `brands` (`name`, `created_at`, `updated_at`) VALUES ('Samsung', '2016-08-25 01:36:20', '2016-08-25 01:36:20')[0m
  [1m[35m (2.8ms)[0m  [1m[35mCOMMIT[0m
  [1m[35m (0.1ms)[0m  [1m[35mBEGIN[0m
  [1m[35mSQL (0.2ms)[0m  [1m[32mINSERT INTO `brands` (`name`, `created_at`, `updated_at`) VALUES ('HP', '2016-08-25 01:36:20', '2016-08-25 01:36:20')[0m
  [1m[35m (0.8ms)[0m  [1m[35mCOMMIT[0m
  [1m[35m (0.1ms)[0m  [1m[35mBEGIN[0m
  [1m[35mSQL (0.2ms)[0m  [1m[32mINSERT INTO `brands` (`name`, `created_at`, `updated_at`) VALUES ('D-link', '2016-08-25 01:36:20', '2016-08-25 01:36:20')[0m
  [1m[35m (0.8ms)[0m  [1m[35mCOMMIT[0m
  [1m[35m (0.1ms)[0m  [1m[35mBEGIN[0m
  [1m[35mSQL (0.2ms)[0m  [1m[32mINSERT INTO `brands` (`name`, `created_at`, `updated_at`) VALUES ('Intel', '2016-08-25 01:36:20', '2016-08-25 01:36:20')[0m
  [1m[35m (0.9ms)[0m  [1m[35mCOMMIT[0m
  [1m[35m (0.1ms)[0m  [1m[35mBEGIN[0m
  [1m[35mSQL (0.2ms)[0m  [1m[32mINSERT INTO `brands` (`name`, `created_at`, `updated_at`) VALUES ('Corsair', '2016-08-25 01:36:20', '2016-08-25 01:36:20')[0m
  [1m[35m (0.2ms)[0m  [1m[35mCOMMIT[0m
  [1m[35m (0.1ms)[0m  [1m[35mBEGIN[0m
  [1m[35mSQL (0.2ms)[0m  [1m[32mINSERT INTO `equipment` (`created_at`, `updated_at`) VALUES ('2016-08-25 01:36:20', '2016-08-25 01:36:20')[0m
  [1m[35m (0.7ms)[0m  [1m[35mCOMMIT[0m
  [1m[36mActiveRecord::SchemaMigration Load (0.3ms)[0m  [1m[34mSELECT `schema_migrations`.* FROM `schema_migrations`[0m
  [1m[35m (0.1ms)[0m  [1m[35mBEGIN[0m
  [1m[35mSQL (0.2ms)[0m  [1m[32mINSERT INTO `brands` (`name`, `created_at`, `updated_at`) VALUES ('Samsung', '2016-08-25 01:37:16', '2016-08-25 01:37:16')[0m
  [1m[35m (3.0ms)[0m  [1m[35mCOMMIT[0m
  [1m[35m (0.1ms)[0m  [1m[35mBEGIN[0m
  [1m[35mSQL (0.2ms)[0m  [1m[32mINSERT INTO `brands` (`name`, `created_at`, `updated_at`) VALUES ('HP', '2016-08-25 01:37:16', '2016-08-25 01:37:16')[0m
  [1m[35m (0.7ms)[0m  [1m[35mCOMMIT[0m
  [1m[35m (0.1ms)[0m  [1m[35mBEGIN[0m
  [1m[35mSQL (0.2ms)[0m  [1m[32mINSERT INTO `brands` (`name`, `created_at`, `updated_at`) VALUES ('D-link', '2016-08-25 01:37:16', '2016-08-25 01:37:16')[0m
  [1m[35m (0.8ms)[0m  [1m[35mCOMMIT[0m
  [1m[35m (0.1ms)[0m  [1m[35mBEGIN[0m
  [1m[35mSQL (0.2ms)[0m  [1m[32mINSERT INTO `brands` (`name`, `created_at`, `updated_at`) VALUES ('Intel', '2016-08-25 01:37:16', '2016-08-25 01:37:16')[0m
  [1m[35m (0.2ms)[0m  [1m[35mCOMMIT[0m
  [1m[35m (0.1ms)[0m  [1m[35mBEGIN[0m
  [1m[35mSQL (0.3ms)[0m  [1m[32mINSERT INTO `brands` (`name`, `created_at`, `updated_at`) VALUES ('Corsair', '2016-08-25 01:37:16', '2016-08-25 01:37:16')[0m
  [1m[35m (0.8ms)[0m  [1m[35mCOMMIT[0m
  [1m[35m (0.1ms)[0m  [1m[35mBEGIN[0m
  [1m[35mSQL (0.2ms)[0m  [1m[32mINSERT INTO `equipment` (`created_at`, `updated_at`) VALUES ('2016-08-25 01:37:16', '2016-08-25 01:37:16')[0m
  [1m[35m (0.8ms)[0m  [1m[35mCOMMIT[0m
  [1m[36mActiveRecord::SchemaMigration Load (0.3ms)[0m  [1m[34mSELECT `schema_migrations`.* FROM `schema_migrations`[0m
  [1m[35m (0.1ms)[0m  [1m[35mBEGIN[0m
  [1m[35mSQL (0.3ms)[0m  [1m[32mINSERT INTO `brands` (`name`, `created_at`, `updated_at`) VALUES ('Samsung', '2016-08-25 01:38:36', '2016-08-25 01:38:36')[0m
  [1m[35m (3.4ms)[0m  [1m[35mCOMMIT[0m
  [1m[35m (0.1ms)[0m  [1m[35mBEGIN[0m
  [1m[35mSQL (0.2ms)[0m  [1m[32mINSERT INTO `brands` (`name`, `created_at`, `updated_at`) VALUES ('HP', '2016-08-25 01:38:36', '2016-08-25 01:38:36')[0m
  [1m[35m (0.7ms)[0m  [1m[35mCOMMIT[0m
  [1m[35m (0.2ms)[0m  [1m[35mBEGIN[0m
  [1m[35mSQL (0.2ms)[0m  [1m[32mINSERT INTO `brands` (`name`, `created_at`, `updated_at`) VALUES ('D-link', '2016-08-25 01:38:36', '2016-08-25 01:38:36')[0m
  [1m[35m (0.8ms)[0m  [1m[35mCOMMIT[0m
  [1m[35m (0.1ms)[0m  [1m[35mBEGIN[0m
  [1m[35mSQL (0.2ms)[0m  [1m[32mINSERT INTO `brands` (`name`, `created_at`, `updated_at`) VALUES ('Intel', '2016-08-25 01:38:36', '2016-08-25 01:38:36')[0m
  [1m[35m (0.8ms)[0m  [1m[35mCOMMIT[0m
  [1m[35m (0.1ms)[0m  [1m[35mBEGIN[0m
  [1m[35mSQL (0.2ms)[0m  [1m[32mINSERT INTO `brands` (`name`, `created_at`, `updated_at`) VALUES ('Corsair', '2016-08-25 01:38:36', '2016-08-25 01:38:36')[0m
  [1m[35m (0.2ms)[0m  [1m[35mCOMMIT[0m
  [1m[35m (0.1ms)[0m  [1m[35mBEGIN[0m
  [1m[35mSQL (0.2ms)[0m  [1m[32mINSERT INTO `equipment` (`name`, `model`, `description`, `created_at`, `updated_at`, `brand_id`) VALUES ('Impressora DeskJet', 'd1520', '', '2016-08-25 01:38:36', '2016-08-25 01:38:36', 48)[0m
  [1m[35m (1.3ms)[0m  [1m[35mCOMMIT[0m
  [1m[35m (0.2ms)[0m  [1m[35mBEGIN[0m
  [1m[35mSQL (0.2ms)[0m  [1m[32mINSERT INTO `equipment` (`name`, `model`, `description`, `created_at`, `updated_at`, `brand_id`) VALUES ('Roteador Wireless', 'DSL-2740', 'Roteador de cor preta neste modelo', '2016-08-25 01:38:36', '2016-08-25 01:38:36', 49)[0m
  [1m[35m (0.2ms)[0m  [1m[35mCOMMIT[0m
  [1m[35m (0.1ms)[0m  [1m[35mBEGIN[0m
  [1m[35mSQL (0.2ms)[0m  [1m[32mINSERT INTO `equipment` (`name`, `model`, `description`, `created_at`, `updated_at`, `brand_id`) VALUES ('Notebook', 'DS1000', '14\", 4GB RAM, Processador Intel Core i5', '2016-08-25 01:38:36', '2016-08-25 01:38:36', 47)[0m
  [1m[35m (1.0ms)[0m  [1m[35mCOMMIT[0m
  [1m[36mActiveRecord::SchemaMigration Load (0.3ms)[0m  [1m[34mSELECT `schema_migrations`.* FROM `schema_migrations`[0m
  [1m[35m (0.1ms)[0m  [1m[35mBEGIN[0m
  [1m[35mSQL (0.2ms)[0m  [1m[32mINSERT INTO `brands` (`name`, `created_at`, `updated_at`) VALUES ('Samsung', '2016-08-25 01:41:39', '2016-08-25 01:41:39')[0m
  [1m[35m (2.9ms)[0m  [1m[35mCOMMIT[0m
  [1m[35m (0.1ms)[0m  [1m[35mBEGIN[0m
  [1m[35mSQL (0.1ms)[0m  [1m[32mINSERT INTO `brands` (`name`, `created_at`, `updated_at`) VALUES ('HP', '2016-08-25 01:41:39', '2016-08-25 01:41:39')[0m
  [1m[35m (0.8ms)[0m  [1m[35mCOMMIT[0m
  [1m[35m (0.1ms)[0m  [1m[35mBEGIN[0m
  [1m[35mSQL (0.2ms)[0m  [1m[32mINSERT INTO `brands` (`name`, `created_at`, `updated_at`) VALUES ('D-link', '2016-08-25 01:41:39', '2016-08-25 01:41:39')[0m
  [1m[35m (0.8ms)[0m  [1m[35mCOMMIT[0m
  [1m[35m (0.1ms)[0m  [1m[35mBEGIN[0m
  [1m[35mSQL (0.2ms)[0m  [1m[32mINSERT INTO `brands` (`name`, `created_at`, `updated_at`) VALUES ('Intel', '2016-08-25 01:41:39', '2016-08-25 01:41:39')[0m
  [1m[35m (0.7ms)[0m  [1m[35mCOMMIT[0m
  [1m[35m (0.1ms)[0m  [1m[35mBEGIN[0m
  [1m[35mSQL (0.2ms)[0m  [1m[32mINSERT INTO `brands` (`name`, `created_at`, `updated_at`) VALUES ('Corsair', '2016-08-25 01:41:39', '2016-08-25 01:41:39')[0m
  [1m[35m (0.7ms)[0m  [1m[35mCOMMIT[0m
  [1m[35m (0.1ms)[0m  [1m[35mBEGIN[0m
  [1m[35mSQL (0.2ms)[0m  [1m[32mINSERT INTO `equipment` (`name`, `model`, `description`, `created_at`, `updated_at`, `brand_id`) VALUES ('Impressora DeskJet', 'd1520', '', '2016-08-25 01:41:39', '2016-08-25 01:41:39', 53)[0m
  [1m[35m (0.8ms)[0m  [1m[35mCOMMIT[0m
  [1m[35m (0.1ms)[0m  [1m[35mBEGIN[0m
  [1m[35mSQL (0.2ms)[0m  [1m[32mINSERT INTO `equipment` (`name`, `model`, `description`, `created_at`, `updated_at`, `brand_id`) VALUES ('Roteador Wireless', 'DSL-2740', 'Roteador de cor preta neste modelo', '2016-08-25 01:41:39', '2016-08-25 01:41:39', 54)[0m
  [1m[35m (0.3ms)[0m  [1m[35mCOMMIT[0m
  [1m[35m (0.1ms)[0m  [1m[35mBEGIN[0m
  [1m[35mSQL (0.3ms)[0m  [1m[32mINSERT INTO `equipment` (`name`, `model`, `description`, `created_at`, `updated_at`, `brand_id`) VALUES ('Notebook', 'DS1000', '14\", 4GB RAM, Processador Intel Core i5', '2016-08-25 01:41:39', '2016-08-25 01:41:39', 52)[0m
  [1m[35m (0.9ms)[0m  [1m[35mCOMMIT[0m
  [1m[35m (0.1ms)[0m  [1m[35mBEGIN[0m
  [1m[35mSQL (0.2ms)[0m  [1m[32mINSERT INTO `customers` (`first_name`, `last_name`, `email`, `phone`, `created_at`, `updated_at`) VALUES ('João', 'Silva', 'joaosilva@gmail.com', '5491834667', '2016-08-25 01:41:39', '2016-08-25 01:41:39')[0m
  [1m[35m (0.9ms)[0m  [1m[35mCOMMIT[0m
  [1m[35m (0.1ms)[0m  [1m[35mBEGIN[0m
  [1m[35mSQL (151.6ms)[0m  [1m[32mINSERT INTO `customers` (`first_name`, `last_name`, `email`, `phone`, `created_at`, `updated_at`) VALUES ('Teste', 'Teste', 'teste@teste.com', '5499999999', '2016-08-25 01:41:39', '2016-08-25 01:41:39')[0m
  [1m[35m (0.5ms)[0m  [1m[35mCOMMIT[0m
  [1m[35m (0.1ms)[0m  [1m[35mBEGIN[0m
  [1m[35mSQL (0.2ms)[0m  [1m[32mINSERT INTO `customers` (`first_name`, `last_name`, `email`, `phone`, `created_at`, `updated_at`) VALUES ('Maria', 'Camargo', 'mariacamargo@yahoo.com', '5496881001', '2016-08-25 01:41:39', '2016-08-25 01:41:39')[0m
  [1m[35m (0.2ms)[0m  [1m[35mCOMMIT[0m
  [1m[36mActiveRecord::SchemaMigration Load (0.3ms)[0m  [1m[34mSELECT `schema_migrations`.* FROM `schema_migrations`[0m
  [1m[36mActiveRecord::SchemaMigration Load (0.3ms)[0m  [1m[34mSELECT `schema_migrations`.* FROM `schema_migrations`[0m
  [1m[35m (0.1ms)[0m  [1m[35mBEGIN[0m
  [1m[35mSQL (0.2ms)[0m  [1m[32mINSERT INTO `brands` (`name`, `created_at`, `updated_at`) VALUES ('Samsung', '2016-08-25 01:46:48', '2016-08-25 01:46:48')[0m
  [1m[35m (2.0ms)[0m  [1m[35mCOMMIT[0m
  [1m[35m (0.1ms)[0m  [1m[35mBEGIN[0m
  [1m[35mSQL (0.2ms)[0m  [1m[32mINSERT INTO `brands` (`name`, `created_at`, `updated_at`) VALUES ('HP', '2016-08-25 01:46:48', '2016-08-25 01:46:48')[0m
  [1m[35m (0.8ms)[0m  [1m[35mCOMMIT[0m
  [1m[35m (0.1ms)[0m  [1m[35mBEGIN[0m
  [1m[35mSQL (0.2ms)[0m  [1m[32mINSERT INTO `brands` (`name`, `created_at`, `updated_at`) VALUES ('D-link', '2016-08-25 01:46:48', '2016-08-25 01:46:48')[0m
  [1m[35m (0.8ms)[0m  [1m[35mCOMMIT[0m
  [1m[35m (0.1ms)[0m  [1m[35mBEGIN[0m
  [1m[35mSQL (0.2ms)[0m  [1m[32mINSERT INTO `brands` (`name`, `created_at`, `updated_at`) VALUES ('Intel', '2016-08-25 01:46:48', '2016-08-25 01:46:48')[0m
  [1m[35m (0.8ms)[0m  [1m[35mCOMMIT[0m
  [1m[35m (0.1ms)[0m  [1m[35mBEGIN[0m
  [1m[35mSQL (0.2ms)[0m  [1m[32mINSERT INTO `brands` (`name`, `created_at`, `updated_at`) VALUES ('Corsair', '2016-08-25 01:46:48', '2016-08-25 01:46:48')[0m
  [1m[35m (0.2ms)[0m  [1m[35mCOMMIT[0m
  [1m[35m (0.1ms)[0m  [1m[35mBEGIN[0m
  [1m[35mSQL (0.2ms)[0m  [1m[32mINSERT INTO `equipment` (`name`, `model`, `description`, `created_at`, `updated_at`, `brand_id`) VALUES ('Impressora DeskJet', 'd1520', '', '2016-08-25 01:46:48', '2016-08-25 01:46:48', 58)[0m
  [1m[35m (0.8ms)[0m  [1m[35mCOMMIT[0m
  [1m[35m (0.2ms)[0m  [1m[35mBEGIN[0m
  [1m[35mSQL (0.2ms)[0m  [1m[32mINSERT INTO `equipment` (`name`, `model`, `description`, `created_at`, `updated_at`, `brand_id`) VALUES ('Roteador Wireless', 'DSL-2740', 'Roteador de cor preta neste modelo', '2016-08-25 01:46:48', '2016-08-25 01:46:48', 59)[0m
  [1m[35m (0.3ms)[0m  [1m[35mCOMMIT[0m
  [1m[35m (0.1ms)[0m  [1m[35mBEGIN[0m
  [1m[35mSQL (0.2ms)[0m  [1m[32mINSERT INTO `equipment` (`name`, `model`, `description`, `created_at`, `updated_at`, `brand_id`) VALUES ('Notebook', 'DS1000', '14\", 4GB RAM, Processador Intel Core i5', '2016-08-25 01:46:48', '2016-08-25 01:46:48', 57)[0m
  [1m[35m (0.8ms)[0m  [1m[35mCOMMIT[0m
  [1m[35m (0.1ms)[0m  [1m[35mBEGIN[0m
  [1m[35mSQL (0.3ms)[0m  [1m[32mINSERT INTO `customers` (`first_name`, `last_name`, `email`, `phone`, `created_at`, `updated_at`) VALUES ('João', 'Silva', 'joaosilva@gmail.com', '5491834667', '2016-08-25 01:46:48', '2016-08-25 01:46:48')[0m
  [1m[35m (0.8ms)[0m  [1m[35mCOMMIT[0m
  [1m[35m (0.1ms)[0m  [1m[35mBEGIN[0m
  [1m[35mSQL (0.2ms)[0m  [1m[32mINSERT INTO `customers` (`first_name`, `last_name`, `email`, `phone`, `created_at`, `updated_at`) VALUES ('Teste', 'Teste', 'teste@teste.com', '5499999999', '2016-08-25 01:46:48', '2016-08-25 01:46:48')[0m
  [1m[35m (0.8ms)[0m  [1m[35mCOMMIT[0m
  [1m[35m (0.1ms)[0m  [1m[35mBEGIN[0m
  [1m[35mSQL (0.2ms)[0m  [1m[32mINSERT INTO `customers` (`first_name`, `last_name`, `email`, `phone`, `created_at`, `updated_at`) VALUES ('Maria', 'Camargo', 'mariacamargo@yahoo.com', '5496881001', '2016-08-25 01:46:48', '2016-08-25 01:46:48')[0m
  [1m[35m (0.8ms)[0m  [1m[35mCOMMIT[0m
Creating scope :open. Overwriting existing method Order.open.
  [1m[35m (0.1ms)[0m  [1m[35mBEGIN[0m
  [1m[35mSQL (0.2ms)[0m  [1m[32mINSERT INTO `orders` (`defect`, `serial_number`, `observation`, `created_at`, `updated_at`, `equipment_id`, `customer_id`) VALUES ('Não liga, faz bip prolongado', '156451256148912148', 'Acompanha carregador', '2016-08-25 01:46:48', '2016-08-25 01:46:48', 14, 4)[0m
  [1m[35m (0.8ms)[0m  [1m[35mCOMMIT[0m
  [1m[35m (0.1ms)[0m  [1m[35mBEGIN[0m
  [1m[35mSQL (0.3ms)[0m  [1m[32mINSERT INTO `orders` (`defect`, `serial_number`, `observation`, `created_at`, `updated_at`, `equipment_id`, `customer_id`) VALUES ('Não funciona conexão com a internet', '', 'Esta faltando uma antena', '2016-08-25 01:46:48', '2016-08-25 01:46:48', 13, 6)[0m
  [1m[35m (0.7ms)[0m  [1m[35mCOMMIT[0m
  [1m[35m (0.2ms)[0m  [1m[35mBEGIN[0m
  [1m[35mSQL (0.3ms)[0m  [1m[32mINSERT INTO `orders` (`defect`, `serial_number`, `observation`, `created_at`, `updated_at`, `equipment_id`, `customer_id`) VALUES ('Cartuchos foram trocados, mas apenas imprime em preto-e-branco', 'ABCDE123456789', 'Bandeja de folhas quebrada', '2016-08-25 01:46:48', '2016-08-25 01:46:48', 12, 5)[0m
  [1m[35m (0.8ms)[0m  [1m[35mCOMMIT[0m
  [1m[36mActiveRecord::SchemaMigration Load (0.3ms)[0m  [1m[34mSELECT `schema_migrations`.* FROM `schema_migrations`[0m
  [1m[35m (0.3ms)[0m  [1m[34mSELECT `ar_internal_metadata`.`value` FROM `ar_internal_metadata` WHERE `ar_internal_metadata`.`key` = 'environment'[0m
  [1m[36mActiveRecord::SchemaMigration Load (0.1ms)[0m  [1m[34mSELECT `schema_migrations`.* FROM `schema_migrations`[0m
  [1m[35m (0.2ms)[0m  [1m[34mSELECT `ar_internal_metadata`.`value` FROM `ar_internal_metadata` WHERE `ar_internal_metadata`.`key` = 'environment'[0m
  [1m[36mActiveRecord::SchemaMigration Load (0.2ms)[0m  [1m[34mSELECT `schema_migrations`.* FROM `schema_migrations`[0m
  [1m[35m (0.3ms)[0m  [1m[34mSELECT `ar_internal_metadata`.`value` FROM `ar_internal_metadata` WHERE `ar_internal_metadata`.`key` = 'environment'[0m
  [1m[35m (18.5ms)[0m  [1m[35mDROP DATABASE IF EXISTS `azordens_development`[0m
  [1m[35m (0.2ms)[0m  [1m[35mCREATE DATABASE `azordens_development` DEFAULT CHARACTER SET `utf8`[0m
  [1m[35m (0.4ms)[0m  [1m[35mCREATE DATABASE `azordens_test` DEFAULT CHARACTER SET `utf8`[0m
  [1m[35m (6.9ms)[0m  [1m[35mCREATE TABLE `brands` (`id` int AUTO_INCREMENT PRIMARY KEY, `name` varchar(255), `created_at` datetime NOT NULL, `updated_at` datetime NOT NULL) ENGINE=InnoDB DEFAULT CHARSET=latin1[0m
  [1m[35m (6.3ms)[0m  [1m[35mCREATE TABLE `customers` (`id` int AUTO_INCREMENT PRIMARY KEY, `first_name` varchar(255), `last_name` varchar(255), `email` varchar(255), `phone` varchar(255), `created_at` datetime NOT NULL, `updated_at` datetime NOT NULL) ENGINE=InnoDB DEFAULT CHARSET=latin1[0m
  [1m[35m (7.2ms)[0m  [1m[35mCREATE TABLE `equipment` (`id` int AUTO_INCREMENT PRIMARY KEY, `name` varchar(255), `model` varchar(255), `description` varchar(255), `created_at` datetime NOT NULL, `updated_at` datetime NOT NULL, `brand_id` int,  INDEX `index_equipment_on_brand_id` USING btree (`brand_id`)) ENGINE=InnoDB DEFAULT CHARSET=latin1[0m
  [1m[35m (8.5ms)[0m  [1m[35mCREATE TABLE `orders` (`id` int AUTO_INCREMENT PRIMARY KEY, `defect` varchar(255), `serial_number` varchar(255), `observation` text, `created_at` datetime NOT NULL, `updated_at` datetime NOT NULL, `equipment_id` int NOT NULL, `customer_id` int NOT NULL, `status` int,  INDEX `index_orders_on_customer_id` USING btree (`customer_id`),  INDEX `index_orders_on_equipment_id` USING btree (`equipment_id`)) ENGINE=InnoDB DEFAULT CHARSET=latin1[0m
  [1m[35m (5.7ms)[0m  [1m[35mCREATE TABLE `schema_migrations` (`version` varchar(255) PRIMARY KEY) ENGINE=InnoDB[0m
  [1m[35m (0.4ms)[0m  [1m[34mSELECT version FROM `schema_migrations`[0m
  [1m[35m (0.7ms)[0m  [1m[32mINSERT INTO `schema_migrations` (version) VALUES ('20160822234306')[0m
  [1m[35m (0.8ms)[0m  [1m[32mINSERT INTO schema_migrations (version) VALUES ('20160822233650'), ('20160822232621'), ('20160822230216'), ('20160822230018'), ('20160822230223'), ('20160822230227'), ('20160822233904');

[0m
  [1m[35m (6.4ms)[0m  [1m[35mCREATE TABLE `ar_internal_metadata` (`key` varchar(255) PRIMARY KEY, `value` varchar(255), `created_at` datetime NOT NULL, `updated_at` datetime NOT NULL) ENGINE=InnoDB[0m
  [1m[36mActiveRecord::InternalMetadata Load (0.5ms)[0m  [1m[34mSELECT  `ar_internal_metadata`.* FROM `ar_internal_metadata` WHERE `ar_internal_metadata`.`key` = 'environment' LIMIT 1[0m
  [1m[35m (0.1ms)[0m  [1m[35mBEGIN[0m
  [1m[35mSQL (0.2ms)[0m  [1m[32mINSERT INTO `ar_internal_metadata` (`key`, `value`, `created_at`, `updated_at`) VALUES ('environment', 'development', '2016-08-25 01:48:10', '2016-08-25 01:48:10')[0m
  [1m[35m (0.8ms)[0m  [1m[35mCOMMIT[0m
  [1m[36mActiveRecord::InternalMetadata Load (0.2ms)[0m  [1m[34mSELECT  `ar_internal_metadata`.* FROM `ar_internal_metadata` WHERE `ar_internal_metadata`.`key` = 'environment' LIMIT 1[0m
  [1m[35m (0.1ms)[0m  [1m[35mBEGIN[0m
  [1m[35m (0.1ms)[0m  [1m[35mCOMMIT[0m
  [1m[35m (5.7ms)[0m  [1m[35mCREATE TABLE `brands` (`id` int AUTO_INCREMENT PRIMARY KEY, `name` varchar(255), `created_at` datetime NOT NULL, `updated_at` datetime NOT NULL) ENGINE=InnoDB DEFAULT CHARSET=latin1[0m
  [1m[35m (6.0ms)[0m  [1m[35mCREATE TABLE `customers` (`id` int AUTO_INCREMENT PRIMARY KEY, `first_name` varchar(255), `last_name` varchar(255), `email` varchar(255), `phone` varchar(255), `created_at` datetime NOT NULL, `updated_at` datetime NOT NULL) ENGINE=InnoDB DEFAULT CHARSET=latin1[0m
  [1m[35m (7.5ms)[0m  [1m[35mCREATE TABLE `equipment` (`id` int AUTO_INCREMENT PRIMARY KEY, `name` varchar(255), `model` varchar(255), `description` varchar(255), `created_at` datetime NOT NULL, `updated_at` datetime NOT NULL, `brand_id` int,  INDEX `index_equipment_on_brand_id` USING btree (`brand_id`)) ENGINE=InnoDB DEFAULT CHARSET=latin1[0m
  [1m[35m (7.8ms)[0m  [1m[35mCREATE TABLE `orders` (`id` int AUTO_INCREMENT PRIMARY KEY, `defect` varchar(255), `serial_number` varchar(255), `observation` text, `created_at` datetime NOT NULL, `updated_at` datetime NOT NULL, `equipment_id` int NOT NULL, `customer_id` int NOT NULL, `status` int,  INDEX `index_orders_on_customer_id` USING btree (`customer_id`),  INDEX `index_orders_on_equipment_id` USING btree (`equipment_id`)) ENGINE=InnoDB DEFAULT CHARSET=latin1[0m
  [1m[35m (6.2ms)[0m  [1m[35mCREATE TABLE `schema_migrations` (`version` varchar(255) PRIMARY KEY) ENGINE=InnoDB[0m
  [1m[35m (2.2ms)[0m  [1m[34mSELECT version FROM `schema_migrations`[0m
  [1m[35m (1.0ms)[0m  [1m[32mINSERT INTO `schema_migrations` (version) VALUES ('20160822234306')[0m
  [1m[35m (0.7ms)[0m  [1m[32mINSERT INTO schema_migrations (version) VALUES ('20160822233650'), ('20160822232621'), ('20160822230216'), ('20160822230018'), ('20160822230223'), ('20160822230227'), ('20160822233904');

[0m
  [1m[35m (6.4ms)[0m  [1m[35mCREATE TABLE `ar_internal_metadata` (`key` varchar(255) PRIMARY KEY, `value` varchar(255), `created_at` datetime NOT NULL, `updated_at` datetime NOT NULL) ENGINE=InnoDB[0m
  [1m[36mActiveRecord::InternalMetadata Load (0.5ms)[0m  [1m[34mSELECT  `ar_internal_metadata`.* FROM `ar_internal_metadata` WHERE `ar_internal_metadata`.`key` = 'environment' LIMIT 1[0m
  [1m[35m (0.1ms)[0m  [1m[35mBEGIN[0m
  [1m[35mSQL (0.2ms)[0m  [1m[32mINSERT INTO `ar_internal_metadata` (`key`, `value`, `created_at`, `updated_at`) VALUES ('environment', 'development', '2016-08-25 01:48:10', '2016-08-25 01:48:10')[0m
  [1m[35m (0.7ms)[0m  [1m[35mCOMMIT[0m
  [1m[36mActiveRecord::InternalMetadata Load (0.2ms)[0m  [1m[34mSELECT  `ar_internal_metadata`.* FROM `ar_internal_metadata` WHERE `ar_internal_metadata`.`key` = 'environment' LIMIT 1[0m
  [1m[35m (0.1ms)[0m  [1m[35mBEGIN[0m
  [1m[35m (0.1ms)[0m  [1m[35mCOMMIT[0m
  [1m[36mActiveRecord::SchemaMigration Load (0.3ms)[0m  [1m[34mSELECT `schema_migrations`.* FROM `schema_migrations`[0m
  [1m[35m (0.1ms)[0m  [1m[35mBEGIN[0m
  [1m[35mSQL (0.2ms)[0m  [1m[32mINSERT INTO `brands` (`name`, `created_at`, `updated_at`) VALUES ('Samsung', '2016-08-25 01:48:10', '2016-08-25 01:48:10')[0m
  [1m[35m (0.8ms)[0m  [1m[35mCOMMIT[0m
  [1m[35m (0.1ms)[0m  [1m[35mBEGIN[0m
  [1m[35mSQL (0.2ms)[0m  [1m[32mINSERT INTO `brands` (`name`, `created_at`, `updated_at`) VALUES ('HP', '2016-08-25 01:48:10', '2016-08-25 01:48:10')[0m
  [1m[35m (0.9ms)[0m  [1m[35mCOMMIT[0m
  [1m[35m (0.1ms)[0m  [1m[35mBEGIN[0m
  [1m[35mSQL (0.2ms)[0m  [1m[32mINSERT INTO `brands` (`name`, `created_at`, `updated_at`) VALUES ('D-link', '2016-08-25 01:48:11', '2016-08-25 01:48:11')[0m
  [1m[35m (0.2ms)[0m  [1m[35mCOMMIT[0m
  [1m[35m (0.1ms)[0m  [1m[35mBEGIN[0m
  [1m[35mSQL (0.2ms)[0m  [1m[32mINSERT INTO `brands` (`name`, `created_at`, `updated_at`) VALUES ('Intel', '2016-08-25 01:48:11', '2016-08-25 01:48:11')[0m
  [1m[35m (0.7ms)[0m  [1m[35mCOMMIT[0m
  [1m[35m (0.1ms)[0m  [1m[35mBEGIN[0m
  [1m[35mSQL (0.2ms)[0m  [1m[32mINSERT INTO `brands` (`name`, `created_at`, `updated_at`) VALUES ('Corsair', '2016-08-25 01:48:11', '2016-08-25 01:48:11')[0m
  [1m[35m (0.2ms)[0m  [1m[35mCOMMIT[0m
  [1m[35m (0.1ms)[0m  [1m[35mBEGIN[0m
  [1m[35mSQL (0.2ms)[0m  [1m[32mINSERT INTO `equipment` (`name`, `model`, `description`, `created_at`, `updated_at`, `brand_id`) VALUES ('Impressora DeskJet', 'd1520', '', '2016-08-25 01:48:11', '2016-08-25 01:48:11', 2)[0m
  [1m[35m (0.7ms)[0m  [1m[35mCOMMIT[0m
  [1m[35m (0.1ms)[0m  [1m[35mBEGIN[0m
  [1m[35mSQL (0.2ms)[0m  [1m[32mINSERT INTO `equipment` (`name`, `model`, `description`, `created_at`, `updated_at`, `brand_id`) VALUES ('Roteador Wireless', 'DSL-2740', 'Roteador de cor preta neste modelo', '2016-08-25 01:48:11', '2016-08-25 01:48:11', 3)[0m
  [1m[35m (0.6ms)[0m  [1m[35mCOMMIT[0m
  [1m[35m (0.1ms)[0m  [1m[35mBEGIN[0m
  [1m[35mSQL (0.2ms)[0m  [1m[32mINSERT INTO `equipment` (`name`, `model`, `description`, `created_at`, `updated_at`, `brand_id`) VALUES ('Notebook', 'DS1000', '14\", 4GB RAM, Processador Intel Core i5', '2016-08-25 01:48:11', '2016-08-25 01:48:11', 1)[0m
  [1m[35m (0.6ms)[0m  [1m[35mCOMMIT[0m
  [1m[35m (0.1ms)[0m  [1m[35mBEGIN[0m
  [1m[35mSQL (0.2ms)[0m  [1m[32mINSERT INTO `customers` (`first_name`, `last_name`, `email`, `phone`, `created_at`, `updated_at`) VALUES ('João', 'Silva', 'joaosilva@gmail.com', '5491834667', '2016-08-25 01:48:11', '2016-08-25 01:48:11')[0m
  [1m[35m (0.6ms)[0m  [1m[35mCOMMIT[0m
  [1m[35m (0.1ms)[0m  [1m[35mBEGIN[0m
  [1m[35mSQL (0.2ms)[0m  [1m[32mINSERT INTO `customers` (`first_name`, `last_name`, `email`, `phone`, `created_at`, `updated_at`) VALUES ('Teste', 'Teste', 'teste@teste.com', '5499999999', '2016-08-25 01:48:11', '2016-08-25 01:48:11')[0m
  [1m[35m (0.8ms)[0m  [1m[35mCOMMIT[0m
  [1m[35m (0.1ms)[0m  [1m[35mBEGIN[0m
  [1m[35mSQL (0.2ms)[0m  [1m[32mINSERT INTO `customers` (`first_name`, `last_name`, `email`, `phone`, `created_at`, `updated_at`) VALUES ('Maria', 'Camargo', 'mariacamargo@yahoo.com', '5496881001', '2016-08-25 01:48:11', '2016-08-25 01:48:11')[0m
  [1m[35m (0.6ms)[0m  [1m[35mCOMMIT[0m
Creating scope :open. Overwriting existing method Order.open.
  [1m[35m (0.1ms)[0m  [1m[35mBEGIN[0m
  [1m[35mSQL (0.2ms)[0m  [1m[32mINSERT INTO `orders` (`defect`, `serial_number`, `observation`, `created_at`, `updated_at`, `equipment_id`, `customer_id`, `status`) VALUES ('Não liga, faz bip prolongado', '156451256148912148', 'Acompanha carregador', '2016-08-25 01:48:11', '2016-08-25 01:48:11', 3, 1, 1)[0m
  [1m[35m (0.6ms)[0m  [1m[35mCOMMIT[0m
  [1m[35m (0.1ms)[0m  [1m[35mBEGIN[0m
  [1m[35mSQL (0.2ms)[0m  [1m[32mINSERT INTO `orders` (`defect`, `serial_number`, `observation`, `created_at`, `updated_at`, `equipment_id`, `customer_id`, `status`) VALUES ('Não funciona conexão com a internet', '', 'Esta faltando uma antena', '2016-08-25 01:48:11', '2016-08-25 01:48:11', 2, 3, 2)[0m
  [1m[35m (0.3ms)[0m  [1m[35mCOMMIT[0m
  [1m[35m (0.1ms)[0m  [1m[35mBEGIN[0m
  [1m[35mSQL (0.2ms)[0m  [1m[32mINSERT INTO `orders` (`defect`, `serial_number`, `observation`, `created_at`, `updated_at`, `equipment_id`, `customer_id`, `status`) VALUES ('Cartuchos foram trocados, mas apenas imprime em preto-e-branco', 'ABCDE123456789', 'Bandeja de folhas quebrada', '2016-08-25 01:48:11', '2016-08-25 01:48:11', 1, 2, 3)[0m
  [1m[35m (0.6ms)[0m  [1m[35mCOMMIT[0m
  [1m[35m (0.1ms)[0m  [1m[34mSELECT DATABASE() as db[0m
  [1m[35m (0.2ms)[0m  [1m[34mSELECT GET_LOCK('7454216087489022600', 0);[0m
  [1m[36mActiveRecord::SchemaMigration Load (0.3ms)[0m  [1m[34mSELECT `schema_migrations`.* FROM `schema_migrations`[0m
  [1m[36mActiveRecord::InternalMetadata Load (0.3ms)[0m  [1m[34mSELECT  `ar_internal_metadata`.* FROM `ar_internal_metadata` WHERE `ar_internal_metadata`.`key` = 'environment' LIMIT 1[0m
  [1m[35m (0.1ms)[0m  [1m[35mBEGIN[0m
  [1m[35m (0.1ms)[0m  [1m[35mCOMMIT[0m
  [1m[35m (0.1ms)[0m  [1m[34mSELECT RELEASE_LOCK('7454216087489022600')[0m
  [1m[36mActiveRecord::SchemaMigration Load (0.1ms)[0m  [1m[34mSELECT `schema_migrations`.* FROM `schema_migrations`[0m
  [1m[35m (0.1ms)[0m  [1m[35mSHOW CREATE TABLE `brands`[0m
  [1m[35m (0.3ms)[0m  [1m[35mSHOW TABLE STATUS LIKE 'brands'[0m
  [1m[35m (0.2ms)[0m  [1m[35mSHOW CREATE TABLE `customers`[0m
  [1m[35m (0.4ms)[0m  [1m[35mSHOW TABLE STATUS LIKE 'customers'[0m
  [1m[35m (0.2ms)[0m  [1m[35mSHOW CREATE TABLE `equipment`[0m
  [1m[35m (0.3ms)[0m  [1m[35mSHOW TABLE STATUS LIKE 'equipment'[0m
  [1m[35m (0.2ms)[0m  [1m[35mSHOW CREATE TABLE `orders`[0m
  [1m[35m (0.6ms)[0m  [1m[35mSHOW TABLE STATUS LIKE 'orders'[0m
  [1m[35m (0.3ms)[0m  [1m[34mSELECT fk.referenced_table_name as 'to_table'
      ,fk.referenced_column_name as 'primary_key'
      ,fk.column_name as 'column'
      ,fk.constraint_name as 'name'
FROM information_schema.key_column_usage fk
WHERE fk.referenced_column_name is not null
  AND fk.table_schema = 'azordens_development'
  AND fk.table_name = 'brands'
[0m
  [1m[35m (0.2ms)[0m  [1m[34mSELECT fk.referenced_table_name as 'to_table'
      ,fk.referenced_column_name as 'primary_key'
      ,fk.column_name as 'column'
      ,fk.constraint_name as 'name'
FROM information_schema.key_column_usage fk
WHERE fk.referenced_column_name is not null
  AND fk.table_schema = 'azordens_development'
  AND fk.table_name = 'customers'
[0m
  [1m[35m (0.2ms)[0m  [1m[34mSELECT fk.referenced_table_name as 'to_table'
      ,fk.referenced_column_name as 'primary_key'
      ,fk.column_name as 'column'
      ,fk.constraint_name as 'name'
FROM information_schema.key_column_usage fk
WHERE fk.referenced_column_name is not null
  AND fk.table_schema = 'azordens_development'
  AND fk.table_name = 'equipment'
[0m
  [1m[35m (0.3ms)[0m  [1m[34mSELECT fk.referenced_table_name as 'to_table'
      ,fk.referenced_column_name as 'primary_key'
      ,fk.column_name as 'column'
      ,fk.constraint_name as 'name'
FROM information_schema.key_column_usage fk
WHERE fk.referenced_column_name is not null
  AND fk.table_schema = 'azordens_development'
  AND fk.table_name = 'orders'
[0m
  [1m[36mCustomer Load (4.5ms)[0m  [1m[34mSELECT `customers`.* FROM `customers`[0m
  [1m[36mEquipment Load (1.1ms)[0m  [1m[34mSELECT `equipment`.* FROM `equipment`[0m
  [1m[36mBrand Load (1.2ms)[0m  [1m[34mSELECT `brands`.* FROM `brands`[0m
  [1m[36mBrand Load (0.3ms)[0m  [1m[34mSELECT  `brands`.* FROM `brands` ORDER BY `brands`.`id` ASC LIMIT 1[0m
  [1m[36mCustomer Load (3.3ms)[0m  [1m[34mSELECT `customers`.* FROM `customers`[0m
Started GET "/marcas" for 127.0.0.1 at 2016-08-28 23:43:58 -0300
  [1m[36mActiveRecord::SchemaMigration Load (0.4ms)[0m  [1m[34mSELECT `schema_migrations`.* FROM `schema_migrations`[0m
  
AbstractController::ActionNotFound (The action 'index' could not be found for MarcasController):
  
actionpack (5.0.0.1) lib/abstract_controller/base.rb:121:in `process'
actionview (5.0.0.1) lib/action_view/rendering.rb:30:in `process'
actionpack (5.0.0.1) lib/action_controller/metal.rb:190:in `dispatch'
actionpack (5.0.0.1) lib/action_controller/metal.rb:262:in `dispatch'
actionpack (5.0.0.1) lib/action_dispatch/routing/route_set.rb:50:in `dispatch'
actionpack (5.0.0.1) lib/action_dispatch/routing/route_set.rb:32:in `serve'
actionpack (5.0.0.1) lib/action_dispatch/journey/router.rb:39:in `block in serve'
actionpack (5.0.0.1) lib/action_dispatch/journey/router.rb:26:in `each'
actionpack (5.0.0.1) lib/action_dispatch/journey/router.rb:26:in `serve'
actionpack (5.0.0.1) lib/action_dispatch/routing/route_set.rb:725:in `call'
rack (2.0.1) lib/rack/etag.rb:25:in `call'
rack (2.0.1) lib/rack/conditional_get.rb:25:in `call'
rack (2.0.1) lib/rack/head.rb:12:in `call'
rack (2.0.1) lib/rack/session/abstract/id.rb:222:in `context'
rack (2.0.1) lib/rack/session/abstract/id.rb:216:in `call'
actionpack (5.0.0.1) lib/action_dispatch/middleware/cookies.rb:613:in `call'
activerecord (5.0.0.1) lib/active_record/migration.rb:552:in `call'
actionpack (5.0.0.1) lib/action_dispatch/middleware/callbacks.rb:38:in `block in call'
activesupport (5.0.0.1) lib/active_support/callbacks.rb:97:in `__run_callbacks__'
activesupport (5.0.0.1) lib/active_support/callbacks.rb:750:in `_run_call_callbacks'
activesupport (5.0.0.1) lib/active_support/callbacks.rb:90:in `run_callbacks'
actionpack (5.0.0.1) lib/action_dispatch/middleware/callbacks.rb:36:in `call'
actionpack (5.0.0.1) lib/action_dispatch/middleware/executor.rb:12:in `call'
actionpack (5.0.0.1) lib/action_dispatch/middleware/remote_ip.rb:79:in `call'
actionpack (5.0.0.1) lib/action_dispatch/middleware/debug_exceptions.rb:49:in `call'
web-console (3.3.1) lib/web_console/middleware.rb:131:in `call_app'
web-console (3.3.1) lib/web_console/middleware.rb:28:in `block in call'
web-console (3.3.1) lib/web_console/middleware.rb:18:in `catch'
web-console (3.3.1) lib/web_console/middleware.rb:18:in `call'
actionpack (5.0.0.1) lib/action_dispatch/middleware/show_exceptions.rb:31:in `call'
railties (5.0.0.1) lib/rails/rack/logger.rb:36:in `call_app'
railties (5.0.0.1) lib/rails/rack/logger.rb:24:in `block in call'
activesupport (5.0.0.1) lib/active_support/tagged_logging.rb:70:in `block in tagged'
activesupport (5.0.0.1) lib/active_support/tagged_logging.rb:26:in `tagged'
activesupport (5.0.0.1) lib/active_support/tagged_logging.rb:70:in `tagged'
railties (5.0.0.1) lib/rails/rack/logger.rb:24:in `call'
sprockets-rails (3.1.1) lib/sprockets/rails/quiet_assets.rb:13:in `call'
actionpack (5.0.0.1) lib/action_dispatch/middleware/request_id.rb:24:in `call'
rack (2.0.1) lib/rack/method_override.rb:22:in `call'
rack (2.0.1) lib/rack/runtime.rb:22:in `call'
activesupport (5.0.0.1) lib/active_support/cache/strategy/local_cache_middleware.rb:28:in `call'
actionpack (5.0.0.1) lib/action_dispatch/middleware/executor.rb:12:in `call'
actionpack (5.0.0.1) lib/action_dispatch/middleware/static.rb:136:in `call'
rack (2.0.1) lib/rack/sendfile.rb:111:in `call'
railties (5.0.0.1) lib/rails/engine.rb:522:in `call'
puma (3.6.0) lib/puma/configuration.rb:225:in `call'
puma (3.6.0) lib/puma/server.rb:578:in `handle_request'
puma (3.6.0) lib/puma/server.rb:415:in `process_client'
puma (3.6.0) lib/puma/server.rb:275:in `block in run'
puma (3.6.0) lib/puma/thread_pool.rb:116:in `call'
puma (3.6.0) lib/puma/thread_pool.rb:116:in `block in spawn_thread'
  Rendering /home/guilherme/.rvm/gems/ruby-2.2.2/gems/actionpack-5.0.0.1/lib/action_dispatch/middleware/templates/rescues/unknown_action.html.erb within rescues/layout
  Rendered /home/guilherme/.rvm/gems/ruby-2.2.2/gems/actionpack-5.0.0.1/lib/action_dispatch/middleware/templates/rescues/unknown_action.html.erb within rescues/layout (3.7ms)
Started GET "/marcas" for 127.0.0.1 at 2016-08-28 23:45:02 -0300
Processing by MarcasController#index as HTML
  Rendering marcas/index.html.erb within layouts/application
  Rendered marcas/index.html.erb within layouts/application (0.3ms)
Completed 200 OK in 748ms (Views: 737.3ms | ActiveRecord: 0.0ms)


Started GET "/marcas" for 127.0.0.1 at 2016-08-28 23:46:05 -0300
Processing by MarcasController#index as HTML
  Rendering marcas/index.html.erb within layouts/application
  [1m[36mBrand Load (2.8ms)[0m  [1m[34mSELECT `brands`.* FROM `brands`[0m
  Rendered marcas/index.html.erb within layouts/application (88.8ms)
Completed 500 Internal Server Error in 94ms (ActiveRecord: 3.8ms)


  
ActionView::Template::Error (undefined local variable or method `brands' for #<#<Class:0x0000000519cff8>:0x00000005192800>):
    1: <p>
    2:   Estou no controller de Restaurantes!
    3:   <%= "oieee" + brands %>
    4: </p>
  
app/views/marcas/index.html.erb:3:in `_app_views_marcas_index_html_erb___585957958664432217_42718020'
app/controllers/marcas_controller.rb:4:in `index'
  Rendering /home/guilherme/.rvm/gems/ruby-2.2.2/gems/actionpack-5.0.0.1/lib/action_dispatch/middleware/templates/rescues/template_error.html.erb within rescues/layout
  Rendering /home/guilherme/.rvm/gems/ruby-2.2.2/gems/actionpack-5.0.0.1/lib/action_dispatch/middleware/templates/rescues/_source.html.erb
  Rendered /home/guilherme/.rvm/gems/ruby-2.2.2/gems/actionpack-5.0.0.1/lib/action_dispatch/middleware/templates/rescues/_source.html.erb (7.1ms)
  Rendering /home/guilherme/.rvm/gems/ruby-2.2.2/gems/actionpack-5.0.0.1/lib/action_dispatch/middleware/templates/rescues/_trace.html.erb
  Rendered /home/guilherme/.rvm/gems/ruby-2.2.2/gems/actionpack-5.0.0.1/lib/action_dispatch/middleware/templates/rescues/_trace.html.erb (2.4ms)
  Rendering /home/guilherme/.rvm/gems/ruby-2.2.2/gems/actionpack-5.0.0.1/lib/action_dispatch/middleware/templates/rescues/_request_and_response.html.erb
  Rendered /home/guilherme/.rvm/gems/ruby-2.2.2/gems/actionpack-5.0.0.1/lib/action_dispatch/middleware/templates/rescues/_request_and_response.html.erb (0.8ms)
  Rendered /home/guilherme/.rvm/gems/ruby-2.2.2/gems/actionpack-5.0.0.1/lib/action_dispatch/middleware/templates/rescues/template_error.html.erb within rescues/layout (28.0ms)
Started GET "/marcas" for 127.0.0.1 at 2016-08-28 23:47:29 -0300
Processing by MarcasController#index as HTML
  Rendering marcas/index.html.erb within layouts/application
  Rendered marcas/index.html.erb within layouts/application (2.2ms)
Completed 500 Internal Server Error in 11ms (ActiveRecord: 0.0ms)


  
ActionView::Template::Error (undefined method `each' for nil:NilClass):
    1: <p>
    2:   Estou no controller de Restaurantes!
    3:   <% @marcas.each do |marca| %>
    4:   <tr>
    5:     <td><%= marca.name          %></td>
    6: 
  
app/views/marcas/index.html.erb:3:in `_app_views_marcas_index_html_erb___585957958664432217_69935164975200'
app/controllers/marcas_controller.rb:4:in `index'
  Rendering /home/guilherme/.rvm/gems/ruby-2.2.2/gems/actionpack-5.0.0.1/lib/action_dispatch/middleware/templates/rescues/template_error.html.erb within rescues/layout
  Rendering /home/guilherme/.rvm/gems/ruby-2.2.2/gems/actionpack-5.0.0.1/lib/action_dispatch/middleware/templates/rescues/_source.html.erb
  Rendered /home/guilherme/.rvm/gems/ruby-2.2.2/gems/actionpack-5.0.0.1/lib/action_dispatch/middleware/templates/rescues/_source.html.erb (6.1ms)
  Rendering /home/guilherme/.rvm/gems/ruby-2.2.2/gems/actionpack-5.0.0.1/lib/action_dispatch/middleware/templates/rescues/_trace.html.erb
  Rendered /home/guilherme/.rvm/gems/ruby-2.2.2/gems/actionpack-5.0.0.1/lib/action_dispatch/middleware/templates/rescues/_trace.html.erb (2.7ms)
  Rendering /home/guilherme/.rvm/gems/ruby-2.2.2/gems/actionpack-5.0.0.1/lib/action_dispatch/middleware/templates/rescues/_request_and_response.html.erb
  Rendered /home/guilherme/.rvm/gems/ruby-2.2.2/gems/actionpack-5.0.0.1/lib/action_dispatch/middleware/templates/rescues/_request_and_response.html.erb (0.7ms)
  Rendered /home/guilherme/.rvm/gems/ruby-2.2.2/gems/actionpack-5.0.0.1/lib/action_dispatch/middleware/templates/rescues/template_error.html.erb within rescues/layout (25.0ms)
Started GET "/marcas" for 127.0.0.1 at 2016-08-28 23:47:38 -0300
Processing by MarcasController#index as HTML
  Rendering marcas/index.html.erb within layouts/application
  [1m[36mBrand Load (0.3ms)[0m  [1m[34mSELECT `brands`.* FROM `brands` ORDER BY `brands`.`name` ASC[0m
  Rendered marcas/index.html.erb within layouts/application (4.0ms)
Completed 200 OK in 25ms (Views: 21.9ms | ActiveRecord: 0.3ms)


Started GET "/" for 127.0.0.1 at 2016-08-29 19:52:13 -0300
  [1m[36mActiveRecord::SchemaMigration Load (2.7ms)[0m  [1m[34mSELECT `schema_migrations`.* FROM `schema_migrations`[0m
Processing by Rails::WelcomeController#index as HTML
  Parameters: {"internal"=>true}
  Rendering /home/guilherme/.rvm/gems/ruby-2.2.2/gems/railties-5.0.0.1/lib/rails/templates/rails/welcome/index.html.erb
  Rendered /home/guilherme/.rvm/gems/ruby-2.2.2/gems/railties-5.0.0.1/lib/rails/templates/rails/welcome/index.html.erb (3.2ms)
Completed 200 OK in 24ms (Views: 14.8ms | ActiveRecord: 0.0ms)


Started GET "/brands" for 127.0.0.1 at 2016-08-29 19:53:12 -0300
Processing by BrandsController#index as HTML
Completed 500 Internal Server Error in 5ms (ActiveRecord: 0.0ms)


  
ActionView::MissingTemplate (Missing template brands/index, application/index with {:locale=>[:en], :formats=>[:html], :variants=>[], :handlers=>[:raw, :erb, :html, :builder, :ruby, :coffee, :jbuilder]}. Searched in:
  * "/home/guilherme/projects/azordens/app/views"
):
  
app/controllers/brands_controller.rb:4:in `index'
  Rendering /home/guilherme/.rvm/gems/ruby-2.2.2/gems/actionpack-5.0.0.1/lib/action_dispatch/middleware/templates/rescues/missing_template.html.erb within rescues/layout
  Rendering /home/guilherme/.rvm/gems/ruby-2.2.2/gems/actionpack-5.0.0.1/lib/action_dispatch/middleware/templates/rescues/_source.html.erb
  Rendered /home/guilherme/.rvm/gems/ruby-2.2.2/gems/actionpack-5.0.0.1/lib/action_dispatch/middleware/templates/rescues/_source.html.erb (4.8ms)
  Rendering /home/guilherme/.rvm/gems/ruby-2.2.2/gems/actionpack-5.0.0.1/lib/action_dispatch/middleware/templates/rescues/_trace.html.erb
  Rendered /home/guilherme/.rvm/gems/ruby-2.2.2/gems/actionpack-5.0.0.1/lib/action_dispatch/middleware/templates/rescues/_trace.html.erb (2.1ms)
  Rendering /home/guilherme/.rvm/gems/ruby-2.2.2/gems/actionpack-5.0.0.1/lib/action_dispatch/middleware/templates/rescues/_request_and_response.html.erb
  Rendered /home/guilherme/.rvm/gems/ruby-2.2.2/gems/actionpack-5.0.0.1/lib/action_dispatch/middleware/templates/rescues/_request_and_response.html.erb (0.7ms)
  Rendered /home/guilherme/.rvm/gems/ruby-2.2.2/gems/actionpack-5.0.0.1/lib/action_dispatch/middleware/templates/rescues/missing_template.html.erb within rescues/layout (25.5ms)
Started GET "/brands" for 127.0.0.1 at 2016-08-29 19:53:39 -0300
Processing by BrandsController#index as HTML
  Rendering brands/index.html.erb within layouts/application
  Rendered brands/index.html.erb within layouts/application (0.4ms)
Completed 200 OK in 327ms (Views: 326.1ms | ActiveRecord: 0.0ms)


